<!--This file represents the results of running a test suite-->
<test-results name="watchos-simulator" total="1051" errors="0" failures="1" not-run="8" inconclusive="1" ignored="8" skipped="0" invalid="0" date="2017-07-03" time="18:01:50">
  <environment nunit-version="1.0.0.0" clr-version="4.0.50524.0" os-version="Unix 16.6.0.0" platform="Unix" cwd="/Users/builder/Library/Developer/CoreSimulator/Devices/B584BDF5-BCE8-49A4-ACE4-81D6EC2D4C98/data/Containers/Bundle/Application/E1203176-5D61-479B-B0DE-E310DD74AB4B/App.app/PlugIns/monotouchtest.appex" machine-name="xam-mac-mini-5" user="somebody" user-domain="xam-mac-mini-5" />
  <culture-info current-culture="en-US" current-uiculture="en-US" />
  <test-suite type="TestSuite" name="" executed="True" result="Failure" success="False" time="105.88" asserts="9881">
    <categories />
    <failure>
      <message><![CDATA[One or more child tests had errors]]></message>
      <stack-trace />
    </failure>
    <results>
      <test-suite type="Assembly" name="/Users/builder/Library/Developer/CoreSimulator/Devices/B584BDF5-BCE8-49A4-ACE4-81D6EC2D4C98/data/Containers/Bundle/Application/E1203176-5D61-479B-B0DE-E310DD74AB4B/App.app/PlugIns/monotouchtest.appex/monotouchtest.dll" executed="True" result="Failure" success="False" time="105.86" asserts="9881">
        <categories />
        <properties>
          <property name="_PID" value="81913" />
          <property name="_APPDOMAIN" value="MonoTouch" />
        </properties>
        <failure>
          <message><![CDATA[One or more child tests had errors]]></message>
          <stack-trace />
        </failure>
        <results>
          <test-suite type="TestFixture" name="MessageHandlerTest" executed="True" result="Failure" success="False" time="30.047" asserts="1">
            <categories />
            <failure>
              <message><![CDATA[One or more child tests had errors]]></message>
              <stack-trace />
            </failure>
            <results>
              <test-suite type="ParameterizedMethod" name="DnsFailure" executed="True" result="Failure" success="False" time="30.046" asserts="1">
                <categories />
                <failure>
                  <message><![CDATA[One or more child tests had errors]]></message>
                  <stack-trace />
                </failure>
                <results>
                  <test-case name="DnsFailure(System.Net.Http.NSUrlSessionHandler)" executed="True" result="Failure" success="False" time="30.037" asserts="1">
                    <categories />
                    <failure>
                      <message><![CDATA[  Exception
  Expected: not null
  But was:  null
]]></message>
                      <stack-trace><![CDATA[  at (wrapper managed-to-native) System.Reflection.MonoMethod:InternalInvoke (System.Reflection.MonoMethod,object,object[],System.Exception&)
  at System.Reflection.MonoMethod.Invoke (System.Object obj, System.Reflection.BindingFlags invokeAttr, System.Reflection.Binder binder, System.Object[] parameters, System.Globalization.CultureInfo culture) [0x00032] in /Library/Frameworks/Xamarin.iOS.framework/Versions/10.99.0.73/src/mono/mcs/class/corlib/System.Reflection/MonoMethod.cs:305 
]]></stack-trace>
                    </failure>
                  </test-case>
                </results>
              </test-suite>
            </results>
          </test-suite>
          <test-suite type="TestFixture" name="AVAudioConverterPrimeInfoTest" executed="True" result="Success" success="True" time="0.006" asserts="9">
            <categories />
            <results>
              <test-case name="AreEqualDiffType" executed="True" result="Success" success="True" time="0.002" asserts="1">
                <categories />
              </test-case>
              <test-case name="AreEqualFalseTest" executed="True" result="Success" success="True" time="0" asserts="3">
                <categories />
              </test-case>
              <test-case name="AreEqualTrueTest" executed="True" result="Success" success="True" time="0" asserts="3">
                <categories />
              </test-case>
              <test-case name="ConstructorTest" executed="True" result="Success" success="True" time="0.004" asserts="2">
                <categories />
              </test-case>
            </results>
          </test-suite>
          <test-suite type="TestFixture" name="AVBeatRangeTest" executed="True" result="Success" success="True" time="0.002" asserts="9">
            <categories />
            <results>
              <test-case name="AreEqualDiffType" executed="True" result="Success" success="True" time="0" asserts="1">
                <categories />
              </test-case>
              <test-case name="AreEqualFalseTest" executed="True" result="Success" success="True" time="0" asserts="3">
                <categories />
              </test-case>
              <test-case name="AreEqualTrueTest" executed="True" result="Success" success="True" time="0" asserts="3">
                <categories />
              </test-case>
              <test-case name="ConstructorTest" executed="True" result="Success" success="True" time="0.001" asserts="2">
                <categories />
              </test-case>
            </results>
          </test-suite>
          <test-suite type="TestFixture" name="SpeechSynthesisVoiceTest" executed="True" result="Success" success="True" time="0.115" asserts="39">
            <categories />
            <results>
              <test-case name="Default" executed="True" result="Success" success="True" time="0.026" asserts="1">
                <categories />
              </test-case>
              <test-case name="Static" executed="True" result="Success" success="True" time="0.088" asserts="38">
                <categories />
              </test-case>
            </results>
          </test-suite>
          <test-suite type="TestFixture" name="CategoryTest" executed="True" result="Success" success="True" time="0.003" asserts="4">
            <categories />
            <results>
              <test-case name="Instance" executed="True" result="Success" success="True" time="0.001" asserts="2">
                <categories />
              </test-case>
              <test-case name="Static" executed="True" result="Success" success="True" time="0.001" asserts="2">
                <categories />
              </test-case>
            </results>
          </test-suite>
          <test-suite type="TestFixture" name="CKFetchNotificationChangesOperationTest" executed="True" result="Success" success="True" time="0.017" asserts="5">
            <categories />
            <results>
              <test-case name="Default" executed="True" result="Success" success="True" time="0.01" asserts="3">
                <categories />
              </test-case>
              <test-case name="TestCompletedSetter" executed="True" result="Success" success="True" time="0.006" asserts="1">
                <categories />
              </test-case>
              <test-case name="TestNotificationChangedSetter" executed="True" result="Success" success="True" time="0.001" asserts="1">
                <categories />
              </test-case>
            </results>
          </test-suite>
          <test-suite type="TestFixture" name="CKFetchRecordsOperationTest" executed="True" result="Success" success="True" time="0.01" asserts="3">
            <categories />
            <results>
              <test-case name="PerRecordCompletionSetter" executed="True" result="Success" success="True" time="0.008" asserts="1">
                <categories />
              </test-case>
              <test-case name="PerRecordProgressSetter" executed="True" result="Success" success="True" time="0.001" asserts="1">
                <categories />
              </test-case>
              <test-case name="TestCompletedSetter" executed="True" result="Success" success="True" time="0.001" asserts="1">
                <categories />
              </test-case>
            </results>
          </test-suite>
          <test-suite type="TestFixture" name="CKFetchRecordZonesOperationTest" executed="True" result="Success" success="True" time="0.003" asserts="1">
            <categories />
            <results>
              <test-case name="TestCompletedSetter" executed="True" result="Success" success="True" time="0.002" asserts="1">
                <categories />
              </test-case>
            </results>
          </test-suite>
          <test-suite type="TestFixture" name="CKMarkNotificationsReadOperationTest" executed="True" result="Success" success="True" time="0.003" asserts="1">
            <categories />
            <results>
              <test-case name="TestCompletedSetter" executed="True" result="Success" success="True" time="0.002" asserts="1">
                <categories />
              </test-case>
            </results>
          </test-suite>
          <test-suite type="TestFixture" name="CKModifyBadgeOperationTest" executed="True" result="Success" success="True" time="0.002" asserts="3">
            <categories />
            <results>
              <test-case name="Default" executed="True" result="Success" success="True" time="0.002" asserts="2">
                <categories />
              </test-case>
              <test-case name="TestCompletedSetter" executed="True" result="Success" success="True" time="0.001" asserts="1">
                <categories />
              </test-case>
            </results>
          </test-suite>
          <test-suite type="TestFixture" name="CKModifyRecordsOperationTest" executed="True" result="Success" success="True" time="0.008" asserts="11">
            <categories />
            <results>
              <test-case name="Default" executed="True" result="Success" success="True" time="0.006" asserts="8">
                <categories />
              </test-case>
              <test-case name="PerRecordCompletionSetter" executed="True" result="Success" success="True" time="0.001" asserts="1">
                <categories />
              </test-case>
              <test-case name="PerRecordProgressSetter" executed="True" result="Success" success="True" time="0.001" asserts="1">
                <categories />
              </test-case>
              <test-case name="TestCompletedSetter" executed="True" result="Success" success="True" time="0.001" asserts="1">
                <categories />
              </test-case>
            </results>
          </test-suite>
          <test-suite type="TestFixture" name="CKModifyRecordZonesOperationTest" executed="True" result="Success" success="True" time="0.004" asserts="4">
            <categories />
            <results>
              <test-case name="Default" executed="True" result="Success" success="True" time="0.003" asserts="3">
                <categories />
              </test-case>
              <test-case name="TestCompletedSetter" executed="True" result="Success" success="True" time="0.001" asserts="1">
                <categories />
              </test-case>
            </results>
          </test-suite>
          <test-suite type="TestFixture" name="CKQueryOperationTest" executed="True" result="Success" success="True" time="0.019" asserts="2">
            <categories />
            <results>
              <test-case name="TestCompletedSetter" executed="True" result="Success" success="True" time="0.017" asserts="1">
                <categories />
              </test-case>
              <test-case name="TestRecordFetchedSetter" executed="True" result="Success" success="True" time="0.001" asserts="1">
                <categories />
              </test-case>
            </results>
          </test-suite>
          <test-suite type="TestFixture" name="CKUserIdentityLookupInfoTest" executed="True" result="Success" success="True" time="0.006" asserts="3">
            <categories />
            <results>
              <test-case name="TestGetLookupInfosWithEmails" executed="True" result="Success" success="True" time="0.003" asserts="1">
                <categories />
              </test-case>
              <test-case name="TestGetLookupInfosWithPhoneNumbers" executed="True" result="Success" success="True" time="0" asserts="1">
                <categories />
              </test-case>
              <test-case name="TestGetLookupInfosWithRecordIds" executed="True" result="Success" success="True" time="0.002" asserts="1">
                <categories />
              </test-case>
            </results>
          </test-suite>
          <test-suite type="TestFixture" name="ConfigTest" executed="True" result="Success" success="True" time="0.004" asserts="2">
            <categories />
            <results>
              <test-case name="Existence" executed="True" result="Success" success="True" time="0.004" asserts="2">
                <categories />
              </test-case>
            </results>
          </test-suite>
          <test-suite type="TestFixture" name="ContactFetchRequestTest" executed="True" result="Success" success="True" time="0.01" asserts="3">
            <categories />
            <results>
              <test-case name="Ctor_ICNKeyDescriptorArray" executed="True" result="Success" success="True" time="0.007" asserts="1">
                <categories />
              </test-case>
              <test-case name="Ctor_Mixed" executed="True" result="Success" success="True" time="0.002" asserts="1">
                <categories />
              </test-case>
              <test-case name="Ctor_NSString" executed="True" result="Success" success="True" time="0" asserts="1">
                <categories />
              </test-case>
            </results>
          </test-suite>
          <test-suite type="TestFixture" name="ContactFormatterTest" executed="True" result="Success" success="True" time="0.001" asserts="4">
            <categories />
            <results>
              <test-case name="GetDescriptorForRequiredKeys_FullName" executed="True" result="Success" success="True" time="0.001" asserts="2">
                <categories />
              </test-case>
              <test-case name="GetDescriptorForRequiredKeys_PhoneticFullName" executed="True" result="Success" success="True" time="0" asserts="2">
                <categories />
              </test-case>
            </results>
          </test-suite>
          <test-suite type="TestFixture" name="ContactStoreTest" executed="True" result="Success" success="True" time="0.082" asserts="1">
            <categories />
            <results>
              <test-case name="GetUnifiedContacts" executed="True" result="Success" success="True" time="0.082" asserts="1">
                <categories />
              </test-case>
            </results>
          </test-suite>
          <test-suite type="TestFixture" name="ContactTest" executed="True" result="Success" success="True" time="0.005" asserts="32">
            <categories />
            <results>
              <test-case name="Ctor" executed="True" result="Success" success="True" time="0.004" asserts="29">
                <categories />
              </test-case>
              <test-case name="DescriptorForAllComparatorKeys" executed="True" result="Success" success="True" time="0" asserts="3">
                <categories />
              </test-case>
            </results>
          </test-suite>
          <test-suite type="TestFixture" name="ContactVCardSerializationTest" executed="True" result="Success" success="True" time="0" asserts="2">
            <categories />
            <results>
              <test-case name="GetDescriptorFromRequiredKeys" executed="True" result="Success" success="True" time="0" asserts="2">
                <categories />
              </test-case>
            </results>
          </test-suite>
          <test-suite type="TestFixture" name="MutableContactTest" executed="True" result="Success" success="True" time="0.029" asserts="57">
            <categories />
            <results>
              <test-case name="Properties" executed="True" result="Success" success="True" time="0.029" asserts="57">
                <categories />
              </test-case>
            </results>
          </test-suite>
          <test-suite type="TestFixture" name="AttributeDescription" executed="True" result="Success" success="True" time="0.004" asserts="4">
            <categories />
            <results>
              <test-case name="DefaultValue" executed="True" result="Success" success="True" time="0.003" asserts="1">
                <categories />
              </test-case>
              <test-case name="GetSetRenamingIdentifier" executed="True" result="Success" success="True" time="0" asserts="2">
                <categories />
              </test-case>
              <test-case name="WeakFramework" executed="True" result="Success" success="True" time="0" asserts="1">
                <categories />
              </test-case>
            </results>
          </test-suite>
          <test-suite type="TestFixture" name="ExpressionDescriptionTest" executed="True" result="Success" success="True" time="0.004" asserts="5">
            <categories />
            <results>
              <test-case name="GetSetExpression" executed="True" result="Success" success="True" time="0.004" asserts="2">
                <categories />
              </test-case>
              <test-case name="GetSetResultType" executed="True" result="Success" success="True" time="0.001" asserts="2">
                <categories />
              </test-case>
              <test-case name="WeakFramework" executed="True" result="Success" success="True" time="0" asserts="1">
                <categories />
              </test-case>
            </results>
          </test-suite>
          <test-suite type="TestFixture" name="FetchedResultsControllerTest" executed="True" result="Success" success="True" time="0.035" asserts="4">
            <categories />
            <results>
              <test-case name="Default" executed="True" result="Success" success="True" time="0.002" asserts="2">
                <categories />
              </test-case>
              <test-case name="PerformFetch_Minimal" executed="True" result="Success" success="True" time="0.011" asserts="1">
                <categories />
              </test-case>
              <test-case name="Sections" executed="True" result="Success" success="True" time="0.02" asserts="1">
                <categories />
              </test-case>
            </results>
          </test-suite>
          <test-suite type="TestFixture" name="FetchRequestExpressionTest" executed="True" result="Success" success="True" time="0.003" asserts="5">
            <categories />
            <results>
              <test-case name="GetContext" executed="True" result="Success" success="True" time="0.001" asserts="1">
                <categories />
              </test-case>
              <test-case name="GetIsCountOnly" executed="True" result="Success" success="True" time="0" asserts="2">
                <categories />
              </test-case>
              <test-case name="GetRequest" executed="True" result="Success" success="True" time="0" asserts="1">
                <categories />
              </test-case>
              <test-case name="WeakFramework" executed="True" result="Success" success="True" time="0" asserts="1">
                <categories />
              </test-case>
            </results>
          </test-suite>
          <test-suite type="TestFixture" name="FetchRequestTest" executed="True" result="Success" success="True" time="0.003" asserts="21">
            <categories />
            <results>
              <test-case name="CtorString" executed="True" result="Success" success="True" time="0.001" asserts="2">
                <categories />
              </test-case>
              <test-case name="DefaultValues" executed="True" result="Success" success="True" time="0.002" asserts="19">
                <categories />
              </test-case>
              <test-case name="SettersNull" executed="True" result="Success" success="True" time="0.001" asserts="0">
                <categories />
              </test-case>
            </results>
          </test-suite>
          <test-suite type="TestFixture" name="ManagedObjectContextTest" executed="True" result="Success" success="True" time="0.007" asserts="26">
            <categories />
            <results>
              <test-case name="Default" executed="True" result="Success" success="True" time="0.004" asserts="13">
                <categories />
              </test-case>
              <test-case name="Main" executed="True" result="Success" success="True" time="0" asserts="13">
                <categories />
              </test-case>
              <test-case name="Perform_Null" executed="True" result="Success" success="True" time="0.001" asserts="0">
                <categories />
              </test-case>
              <test-case name="PerformAndWait_Null" executed="True" result="Success" success="True" time="0" asserts="0">
                <categories />
              </test-case>
              <test-case name="UndoManager_Null" executed="True" result="Success" success="True" time="0" asserts="0">
                <categories />
              </test-case>
            </results>
          </test-suite>
          <test-suite type="TestFixture" name="ManagedObjectModelTest" executed="True" result="Success" success="True" time="0.001" asserts="7">
            <categories />
            <results>
              <test-case name="IsConfiguration_Null" executed="True" result="Success" success="True" time="0.001" asserts="7">
                <categories />
              </test-case>
            </results>
          </test-suite>
          <test-suite type="TestFixture" name="NSQueryGenerationTokenTest" executed="True" result="Success" success="True" time="0.006" asserts="0">
            <categories />
            <results>
              <test-case name="EncodeWithCoderTest" executed="True" result="Success" success="True" time="0.005" asserts="0">
                <categories />
              </test-case>
            </results>
          </test-suite>
          <test-suite type="TestFixture" name="PropertyDescriptionTest" executed="True" result="Success" success="True" time="0.002" asserts="9">
            <categories />
            <results>
              <test-case name="GetSetName" executed="True" result="Success" success="True" time="0" asserts="2">
                <categories />
              </test-case>
              <test-case name="GetSetOpcional" executed="True" result="Success" success="True" time="0" asserts="2">
                <categories />
              </test-case>
              <test-case name="GetSetRenamingIdentifier" executed="True" result="Success" success="True" time="0" asserts="2">
                <categories />
              </test-case>
              <test-case name="GetSetTransient" executed="True" result="Success" success="True" time="0" asserts="2">
                <categories />
              </test-case>
              <test-case name="WeakFramework" executed="True" result="Success" success="True" time="0" asserts="1">
                <categories />
              </test-case>
            </results>
          </test-suite>
          <test-suite type="TestFixture" name="BundleTest" executed="True" result="Success" success="True" time="0.139" asserts="823">
            <categories />
            <results>
              <test-case name="TestArchitectures" executed="True" result="Success" success="True" time="0.002" asserts="1">
                <categories />
              </test-case>
              <test-suite type="ParameterizedMethod" name="TestAuxiliaryExecutableUrlNull" executed="True" result="Success" success="True" time="0" asserts="0">
                <categories />
                <results>
                  <test-case name="TestAuxiliaryExecutableUrlNull(&quot;&quot;)" executed="True" result="Success" success="True" time="0" asserts="0">
                    <categories />
                  </test-case>
                  <test-case name="TestAuxiliaryExecutableUrlNull(null)" executed="True" result="Success" success="True" time="0" asserts="0">
                    <categories />
                  </test-case>
                </results>
              </test-suite>
              <test-case name="TestBuiltInPlugInsUrl" executed="True" result="Success" success="True" time="0.001" asserts="1">
                <categories />
              </test-case>
              <test-case name="TestDevelopmentRegion" executed="True" result="Success" success="True" time="0.001" asserts="1">
                <categories />
              </test-case>
              <test-case name="TestExecutableUrl" executed="True" result="Success" success="True" time="0" asserts="1">
                <categories />
              </test-case>
              <test-case name="TestGetAll" executed="True" result="Success" success="True" time="0.086" asserts="270">
                <categories />
              </test-case>
              <test-case name="TestGetAuxiliaryExecutableUrlNull" executed="True" result="Success" success="True" time="0.001" asserts="1">
                <categories />
              </test-case>
              <test-case name="TestGetBundleId" executed="True" result="Success" success="True" time="0.036" asserts="535">
                <categories />
              </test-case>
              <test-case name="TestGetBundleIdMissing" executed="True" result="Success" success="True" time="0" asserts="1">
                <categories />
              </test-case>
              <test-suite type="ParameterizedMethod" name="TestGetBundleIdNull" executed="True" result="Success" success="True" time="0" asserts="0">
                <categories />
                <results>
                  <test-case name="TestGetBundleIdNull(&quot;&quot;)" executed="True" result="Success" success="True" time="0" asserts="0">
                    <categories />
                  </test-case>
                  <test-case name="TestGetBundleIdNull(null)" executed="True" result="Success" success="True" time="0" asserts="0">
                    <categories />
                  </test-case>
                </results>
              </test-suite>
              <test-case name="TestGetInfoDictionaryNull" executed="True" result="Success" success="True" time="0" asserts="0">
                <categories />
              </test-case>
              <test-case name="TestGetLocalizationsForPreferencesNullLocalArray" executed="True" result="Success" success="True" time="0" asserts="0">
                <categories />
              </test-case>
              <test-case name="TestGetLocalizationsForPreferencesNullPrefArray" executed="True" result="Success" success="True" time="0" asserts="0">
                <categories />
              </test-case>
              <test-case name="TestGetMain" executed="True" result="Success" success="True" time="0" asserts="2">
                <categories />
              </test-case>
              <test-case name="TestLocalizations" executed="True" result="Success" success="True" time="0.002" asserts="2">
                <categories />
              </test-case>
              <test-case name="TestLocalizationsNull" executed="True" result="Success" success="True" time="0" asserts="0">
                <categories />
              </test-case>
              <test-suite type="ParameterizedMethod" name="TestLocalizedStringNullKey" executed="True" result="Success" success="True" time="0" asserts="0">
                <categories />
                <results>
                  <test-case name="TestLocalizedStringNullKey(&quot;&quot;)" executed="True" result="Success" success="True" time="0" asserts="0">
                    <categories />
                  </test-case>
                  <test-case name="TestLocalizedStringNullKey(null)" executed="True" result="Success" success="True" time="0" asserts="0">
                    <categories />
                  </test-case>
                </results>
              </test-suite>
              <test-suite type="ParameterizedMethod" name="TestLocalizedStringNullTable" executed="True" result="Success" success="True" time="0" asserts="0">
                <categories />
                <results>
                  <test-case name="TestLocalizedStringNullTable(&quot;&quot;)" executed="True" result="Success" success="True" time="0" asserts="0">
                    <categories />
                  </test-case>
                  <test-case name="TestLocalizedStringNullTable(null)" executed="True" result="Success" success="True" time="0" asserts="0">
                    <categories />
                  </test-case>
                </results>
              </test-suite>
              <test-case name="TestPreferredLocalizations" executed="True" result="Success" success="True" time="0.001" asserts="2">
                <categories />
              </test-case>
              <test-case name="TestPreferredLocalizationsNull" executed="True" result="Success" success="True" time="0" asserts="0">
                <categories />
              </test-case>
              <test-case name="TestPrivateFrameworksUrl" executed="True" result="Success" success="True" time="0" asserts="1">
                <categories />
              </test-case>
              <test-case name="TestResourcesDirectoryUrl" executed="True" result="Success" success="True" time="0" asserts="1">
                <categories />
              </test-case>
              <test-suite type="ParameterizedMethod" name="TestResourceUrlLocalNameNullLocale" executed="True" result="Success" success="True" time="0" asserts="0">
                <categories />
                <results>
                  <test-case name="TestResourceUrlLocalNameNullLocale(&quot;&quot;)" executed="True" result="Success" success="True" time="0" asserts="0">
                    <categories />
                  </test-case>
                  <test-case name="TestResourceUrlLocalNameNullLocale(null)" executed="True" result="Success" success="True" time="0" asserts="0">
                    <categories />
                  </test-case>
                </results>
              </test-suite>
              <test-suite type="ParameterizedMethod" name="TestResourceUrlLocalNameNullName" executed="True" result="Success" success="True" time="0" asserts="0">
                <categories />
                <results>
                  <test-case name="TestResourceUrlLocalNameNullName(&quot;&quot;)" executed="True" result="Success" success="True" time="0" asserts="0">
                    <categories />
                  </test-case>
                  <test-case name="TestResourceUrlLocalNameNullName(null)" executed="True" result="Success" success="True" time="0" asserts="0">
                    <categories />
                  </test-case>
                </results>
              </test-suite>
              <test-suite type="ParameterizedMethod" name="TestResourceUrlLocalNameNullType" executed="True" result="Success" success="True" time="0" asserts="0">
                <categories />
                <results>
                  <test-case name="TestResourceUrlLocalNameNullType(&quot;&quot;)" executed="True" result="Success" success="True" time="0" asserts="0">
                    <categories />
                  </test-case>
                  <test-case name="TestResourceUrlLocalNameNullType(null)" executed="True" result="Success" success="True" time="0" asserts="0">
                    <categories />
                  </test-case>
                </results>
              </test-suite>
              <test-suite type="ParameterizedMethod" name="TestResourceUrlNullName" executed="True" result="Success" success="True" time="0" asserts="0">
                <categories />
                <results>
                  <test-case name="TestResourceUrlNullName(&quot;&quot;)" executed="True" result="Success" success="True" time="0" asserts="0">
                    <categories />
                  </test-case>
                  <test-case name="TestResourceUrlNullName(null)" executed="True" result="Success" success="True" time="0" asserts="0">
                    <categories />
                  </test-case>
                </results>
              </test-suite>
              <test-suite type="ParameterizedMethod" name="TestResourceUrlNullType" executed="True" result="Success" success="True" time="0" asserts="0">
                <categories />
                <results>
                  <test-case name="TestResourceUrlNullType(&quot;&quot;)" executed="True" result="Success" success="True" time="0" asserts="0">
                    <categories />
                  </test-case>
                  <test-case name="TestResourceUrlNullType(null)" executed="True" result="Success" success="True" time="0" asserts="0">
                    <categories />
                  </test-case>
                </results>
              </test-suite>
              <test-suite type="ParameterizedMethod" name="TestResourceUrlsLocalNameNullLocale" executed="True" result="Success" success="True" time="0.001" asserts="0">
                <categories />
                <results>
                  <test-case name="TestResourceUrlsLocalNameNullLocale(&quot;&quot;)" executed="True" result="Success" success="True" time="0" asserts="0">
                    <categories />
                  </test-case>
                  <test-case name="TestResourceUrlsLocalNameNullLocale(null)" executed="True" result="Success" success="True" time="0" asserts="0">
                    <categories />
                  </test-case>
                </results>
              </test-suite>
              <test-suite type="ParameterizedMethod" name="TestResourceUrlsLocalNameNullType" executed="True" result="Success" success="True" time="0" asserts="0">
                <categories />
                <results>
                  <test-case name="TestResourceUrlsLocalNameNullType(&quot;&quot;)" executed="True" result="Success" success="True" time="0" asserts="0">
                    <categories />
                  </test-case>
                  <test-case name="TestResourceUrlsLocalNameNullType(null)" executed="True" result="Success" success="True" time="0" asserts="0">
                    <categories />
                  </test-case>
                </results>
              </test-suite>
              <test-suite type="ParameterizedMethod" name="TestResourceUrlsNullType" executed="True" result="Success" success="True" time="0" asserts="0">
                <categories />
                <results>
                  <test-case name="TestResourceUrlsNullType(&quot;&quot;)" executed="True" result="Success" success="True" time="0" asserts="0">
                    <categories />
                  </test-case>
                  <test-case name="TestResourceUrlsNullType(null)" executed="True" result="Success" success="True" time="0" asserts="0">
                    <categories />
                  </test-case>
                </results>
              </test-suite>
              <test-case name="TestSharedFrameworksUrl" executed="True" result="Success" success="True" time="0" asserts="1">
                <categories />
              </test-case>
              <test-case name="TestSharedSupportUrl" executed="True" result="Success" success="True" time="0" asserts="1">
                <categories />
              </test-case>
              <test-case name="TestStaticResourceUrlNull" executed="True" result="Success" success="True" time="0" asserts="0">
                <categories />
              </test-case>
              <test-suite type="ParameterizedMethod" name="TestStaticResourceUrlNullName" executed="True" result="Success" success="True" time="0" asserts="0">
                <categories />
                <results>
                  <test-case name="TestStaticResourceUrlNullName(&quot;&quot;)" executed="True" result="Success" success="True" time="0" asserts="0">
                    <categories />
                  </test-case>
                  <test-case name="TestStaticResourceUrlNullName(null)" executed="True" result="Success" success="True" time="0" asserts="0">
                    <categories />
                  </test-case>
                </results>
              </test-suite>
              <test-suite type="ParameterizedMethod" name="TestStaticResourceUrlNullType" executed="True" result="Success" success="True" time="0" asserts="0">
                <categories />
                <results>
                  <test-case name="TestStaticResourceUrlNullType(&quot;&quot;)" executed="True" result="Success" success="True" time="0" asserts="0">
                    <categories />
                  </test-case>
                  <test-case name="TestStaticResourceUrlNullType(null)" executed="True" result="Success" success="True" time="0" asserts="0">
                    <categories />
                  </test-case>
                </results>
              </test-suite>
              <test-case name="TestStaticResourceUrlsNullType" executed="True" result="Success" success="True" time="0" asserts="0">
                <categories />
              </test-case>
              <test-suite type="ParameterizedMethod" name="TestStaticResourceUrlsNullType" executed="True" result="Success" success="True" time="0" asserts="0">
                <categories />
                <results>
                  <test-case name="TestStaticResourceUrlsNullType(&quot;&quot;)" executed="True" result="Success" success="True" time="0" asserts="0">
                    <categories />
                  </test-case>
                  <test-case name="TestStaticResourceUrlsNullType(null)" executed="True" result="Success" success="True" time="0" asserts="0">
                    <categories />
                  </test-case>
                </results>
              </test-suite>
              <test-case name="TestSupportFilesDirectoryUrl" executed="True" result="Success" success="True" time="0" asserts="1">
                <categories />
              </test-case>
              <test-case name="TestUrl" executed="True" result="Success" success="True" time="0" asserts="1">
                <categories />
              </test-case>
            </results>
          </test-suite>
          <test-suite type="TestFixture" name="CFNotificationCenterTest" executed="True" result="Success" success="True" time="0.008" asserts="21">
            <categories />
            <results>
              <test-case name="TestNullNameAndObserver" executed="True" result="Success" success="True" time="0.005" asserts="1">
                <categories />
              </test-case>
              <test-case name="TestObservers" executed="True" result="Success" success="True" time="0.002" asserts="10">
                <categories />
              </test-case>
              <test-case name="TestObservers2" executed="True" result="Success" success="True" time="0.001" asserts="10">
                <categories />
              </test-case>
            </results>
          </test-suite>
          <test-suite type="TestFixture" name="CFUrlTest" executed="True" result="Success" success="True" time="0.002" asserts="2">
            <categories />
            <results>
              <test-case name="FromFile_Null" executed="True" result="Success" success="True" time="0" asserts="0">
                <categories />
              </test-case>
              <test-case name="FromUrlString_Null" executed="True" result="Success" success="True" time="0" asserts="0">
                <categories />
              </test-case>
              <test-case name="ToString_" executed="True" result="Success" success="True" time="0.001" asserts="2">
                <categories />
              </test-case>
            </results>
          </test-suite>
          <test-suite type="TestFixture" name="DispatchGroupTest" executed="True" result="Success" success="True" time="0.004" asserts="3">
            <categories />
            <results>
              <test-case name="EnterLeaveTest" executed="True" result="Success" success="True" time="0.002" asserts="2">
                <categories />
              </test-case>
              <test-case name="WaitTest" executed="True" result="Success" success="True" time="0.002" asserts="1">
                <categories />
              </test-case>
            </results>
          </test-suite>
          <test-suite type="TestFixture" name="DispatchTests" executed="True" result="Success" success="True" time="2.012" asserts="27">
            <categories />
            <results>
              <test-case name="Current" executed="True" result="Success" success="True" time="0" asserts="1">
                <categories />
              </test-case>
              <test-case name="Default" executed="True" result="Success" success="True" time="0" asserts="1">
                <categories />
              </test-case>
              <test-case name="EverAfter" executed="True" result="Success" success="True" time="0.502" asserts="6">
                <categories />
              </test-case>
              <test-case name="GetGlobalQueue_Priority" executed="True" result="Success" success="True" time="0" asserts="3">
                <categories />
              </test-case>
              <test-case name="Main" executed="True" result="Success" success="True" time="0" asserts="1">
                <categories />
              </test-case>
              <test-case name="MainQueueDispatch" executed="True" result="Success" success="True" time="0.503" asserts="6">
                <categories />
              </test-case>
              <test-case name="NeverTooLate" executed="True" result="Success" success="True" time="0.002" asserts="5">
                <categories />
              </test-case>
              <test-case name="SetTargetQueue" executed="True" result="Success" success="True" time="1.003" asserts="4">
                <categories />
              </test-case>
            </results>
          </test-suite>
          <test-suite type="TestFixture" name="NetworkTest" executed="True" result="Success" success="True" time="0.001" asserts="0">
            <categories />
            <results />
          </test-suite>
          <test-suite type="TestFixture" name="NotificationCenterTest" executed="True" result="Success" success="True" time="0" asserts="2">
            <categories />
            <results>
              <test-case name="Static" executed="True" result="Success" success="True" time="0" asserts="2">
                <categories />
              </test-case>
            </results>
          </test-suite>
          <test-suite type="TestFixture" name="ProxyTest" executed="True" result="Success" success="True" time="0" asserts="2">
            <categories />
            <results>
              <test-case name="Fields" executed="True" result="Success" success="True" time="0" asserts="2">
                <categories />
              </test-case>
            </results>
          </test-suite>
          <test-suite type="TestFixture" name="StringTest" executed="True" result="Success" success="True" time="0.002" asserts="2">
            <categories />
            <results>
              <test-case name="Null" executed="True" result="Success" success="True" time="0.001" asserts="1">
                <categories />
              </test-case>
              <test-case name="ToString_" executed="True" result="Success" success="True" time="0" asserts="1">
                <categories />
              </test-case>
            </results>
          </test-suite>
          <test-suite type="TestFixture" name="AffineTransformTest" executed="True" result="Success" success="True" time="0.01" asserts="115">
            <categories />
            <results>
              <test-case name="Ctor" executed="True" result="Success" success="True" time="0.001" asserts="12">
                <categories />
              </test-case>
              <test-case name="Invert" executed="True" result="Success" success="True" time="0.001" asserts="6">
                <categories />
              </test-case>
              <test-case name="IsIdentity" executed="True" result="Success" success="True" time="0" asserts="2">
                <categories />
              </test-case>
              <test-case name="MakeIdentity" executed="True" result="Success" success="True" time="0" asserts="7">
                <categories />
              </test-case>
              <test-case name="MakeRotation" executed="True" result="Success" success="True" time="0.001" asserts="6">
                <categories />
              </test-case>
              <test-case name="MakeScale" executed="True" result="Success" success="True" time="0" asserts="6">
                <categories />
              </test-case>
              <test-case name="MakeTranslation" executed="True" result="Success" success="True" time="0" asserts="6">
                <categories />
              </test-case>
              <test-case name="Multiply" executed="True" result="Success" success="True" time="0.001" asserts="6">
                <categories />
              </test-case>
              <test-case name="Rotate" executed="True" result="Success" success="True" time="0" asserts="6">
                <categories />
              </test-case>
              <test-case name="Scale" executed="True" result="Success" success="True" time="0" asserts="6">
                <categories />
              </test-case>
              <test-case name="StaticMultiply" executed="True" result="Success" success="True" time="0" asserts="6">
                <categories />
              </test-case>
              <test-case name="StaticRotate" executed="True" result="Success" success="True" time="0.001" asserts="12">
                <categories />
              </test-case>
              <test-case name="StaticScale" executed="True" result="Success" success="True" time="0.001" asserts="2">
                <categories />
              </test-case>
              <test-case name="StaticTranslate" executed="True" result="Success" success="True" time="0.001" asserts="14">
                <categories />
              </test-case>
              <test-case name="TransformPoint" executed="True" result="Success" success="True" time="0" asserts="2">
                <categories />
              </test-case>
              <test-case name="TransformRect" executed="True" result="Success" success="True" time="0.001" asserts="4">
                <categories />
              </test-case>
              <test-case name="Translate" executed="True" result="Success" success="True" time="0.001" asserts="12">
                <categories />
              </test-case>
            </results>
          </test-suite>
          <test-suite type="TestFixture" name="BitmapContextTest" executed="True" result="Success" success="True" time="0.007" asserts="21">
            <categories />
            <results>
              <test-case name="Ctor_CGBitmapFlags" executed="True" result="Success" success="True" time="0.003" asserts="8">
                <categories />
              </test-case>
              <test-case name="Ctor_CGColorSpace_Null" executed="True" result="Success" success="True" time="0.001" asserts="3">
                <categories />
              </test-case>
              <test-case name="Ctor_CGImageAlphaInfo" executed="True" result="Success" success="True" time="0.001" asserts="8">
                <categories />
              </test-case>
              <test-case name="ToImage" executed="True" result="Success" success="True" time="0.001" asserts="2">
                <categories />
              </test-case>
            </results>
          </test-suite>
          <test-suite type="TestFixture" name="CGImageTest" executed="True" result="Success" success="True" time="0.007" asserts="2">
            <categories />
            <results>
              <test-case name="FromPNG" executed="True" result="Success" success="True" time="0.007" asserts="2">
                <categories />
              </test-case>
            </results>
          </test-suite>
          <test-suite type="TestFixture" name="ColorConversionInfoTest" executed="True" result="Success" success="True" time="0.014" asserts="10">
            <categories />
            <results>
              <test-case name="CreateDual" executed="True" result="Success" success="True" time="0.01" asserts="1">
                <categories />
              </test-case>
              <test-case name="CreateMax" executed="True" result="Success" success="True" time="0.001" asserts="1">
                <categories />
              </test-case>
              <test-case name="CreateNone" executed="True" result="Success" success="True" time="0.001" asserts="3">
                <categories />
              </test-case>
              <test-case name="CreateSimple" executed="True" result="Success" success="True" time="0" asserts="1">
                <categories />
              </test-case>
              <test-case name="CreateSimple_DeviceColorSpace" executed="True" result="Success" success="True" time="0" asserts="1">
                <categories />
              </test-case>
              <test-case name="CreateSimple_GetINativeObject" executed="True" result="Success" success="True" time="0.001" asserts="1">
                <categories />
              </test-case>
              <test-case name="CreateSingle" executed="True" result="Success" success="True" time="0" asserts="1">
                <categories />
              </test-case>
              <test-case name="CreateTooMany" executed="True" result="Success" success="True" time="0" asserts="1">
                <categories />
              </test-case>
            </results>
          </test-suite>
          <test-suite type="TestFixture" name="ColorSpaceTest" executed="True" result="Success" success="True" time="0.01" asserts="70">
            <categories />
            <results>
              <test-case name="CreateDeviceCMYK" executed="True" result="Success" success="True" time="0.002" asserts="9">
                <categories />
              </test-case>
              <test-case name="CreateDeviceGray" executed="True" result="Success" success="True" time="0" asserts="9">
                <categories />
              </test-case>
              <test-case name="CreateDeviceRGB" executed="True" result="Success" success="True" time="0" asserts="9">
                <categories />
              </test-case>
              <test-case name="CreateExtendedSrgb" executed="True" result="Success" success="True" time="0.001" asserts="9">
                <categories />
              </test-case>
              <test-case name="CreateICCProfile" executed="True" result="Success" success="True" time="0.002" asserts="9">
                <categories />
              </test-case>
              <test-case name="CreateIndexed" executed="True" result="Success" success="True" time="0.002" asserts="10">
                <categories />
              </test-case>
              <test-case name="Disposed" executed="True" result="Success" success="True" time="0" asserts="9">
                <categories />
              </test-case>
              <test-case name="Indexed_Provider" executed="True" result="Success" success="True" time="0.001" asserts="3">
                <categories />
              </test-case>
              <test-case name="Indexed_UIImage" executed="True" result="Success" success="True" time="0.001" asserts="3">
                <categories />
              </test-case>
            </results>
          </test-suite>
          <test-suite type="TestFixture" name="ColorTest" executed="True" result="Success" success="True" time="0" asserts="0">
            <categories />
            <results />
          </test-suite>
          <test-suite type="TestFixture" name="ContextTest" executed="True" result="Success" success="True" time="0.001" asserts="2">
            <categories />
            <results>
              <test-case name="SetLineDash" executed="True" result="Success" success="True" time="0.001" asserts="2">
                <categories />
              </test-case>
            </results>
          </test-suite>
          <test-suite type="TestFixture" name="DataConsumerTest" executed="True" result="Success" success="True" time="0.001" asserts="2">
            <categories />
            <results>
              <test-case name="Create_Nullable" executed="True" result="Success" success="True" time="0.001" asserts="2">
                <categories />
              </test-case>
            </results>
          </test-suite>
          <test-suite type="TestFixture" name="DataProviderTest" executed="True" result="Success" success="True" time="0.002" asserts="8">
            <categories />
            <results>
              <test-case name="Create_Nullable" executed="True" result="Success" success="True" time="0.001" asserts="4">
                <categories />
              </test-case>
              <test-case name="Create_ReleaseCallback" executed="True" result="Success" success="True" time="0.001" asserts="2">
                <categories />
              </test-case>
              <test-case name="FromPNG" executed="True" result="Success" success="True" time="0.001" asserts="2">
                <categories />
              </test-case>
            </results>
          </test-suite>
          <test-suite type="TestFixture" name="FontTest" executed="True" result="Success" success="True" time="0.003" asserts="6">
            <categories />
            <results>
              <test-case name="CreateFromProvider" executed="True" result="Success" success="True" time="0" asserts="1">
                <categories />
              </test-case>
              <test-case name="CreateWithFontName" executed="True" result="Success" success="True" time="0" asserts="1">
                <categories />
              </test-case>
              <test-case name="GetGlyphWithGlyphName" executed="True" result="Success" success="True" time="0.002" asserts="2">
                <categories />
              </test-case>
              <test-case name="Nullable" executed="True" result="Success" success="True" time="0" asserts="2">
                <categories />
              </test-case>
            </results>
          </test-suite>
          <test-suite type="TestFixture" name="FunctionTest" executed="True" result="Success" success="True" time="0" asserts="0">
            <categories />
            <results />
          </test-suite>
          <test-suite type="TestFixture" name="GeometryTest" executed="True" result="Success" success="True" time="0.002" asserts="9">
            <categories />
            <results>
              <test-case name="Infinite" executed="True" result="Success" success="True" time="0.001" asserts="3">
                <categories />
              </test-case>
              <test-case name="Null" executed="True" result="Success" success="True" time="0" asserts="3">
                <categories />
              </test-case>
              <test-case name="Zero" executed="True" result="Success" success="True" time="0" asserts="3">
                <categories />
              </test-case>
            </results>
          </test-suite>
          <test-suite type="TestFixture" name="GradientTest" executed="True" result="Success" success="True" time="0.006" asserts="10">
            <categories />
            <results>
              <test-case name="Colorspace_Null" executed="True" result="Success" success="True" time="0.001" asserts="3">
                <categories />
              </test-case>
              <test-case name="Colorspaces" executed="True" result="Success" success="True" time="0" asserts="2">
                <categories />
              </test-case>
              <test-case name="GradientDrawingOptions" executed="True" result="Success" success="True" time="0.001" asserts="1">
                <categories />
              </test-case>
              <test-case name="Nullable" executed="True" result="Success" success="True" time="0.001" asserts="4">
                <categories />
              </test-case>
            </results>
          </test-suite>
          <test-suite type="TestFixture" name="PathTest" executed="True" result="Success" success="True" time="0.01" asserts="43">
            <categories />
            <results>
              <test-case name="AddArc" executed="True" result="Success" success="True" time="0.001" asserts="3">
                <categories />
              </test-case>
              <test-case name="AddArcToPoint" executed="True" result="Success" success="True" time="0.001" asserts="3">
                <categories />
              </test-case>
              <test-case name="AddCurveToPoint" executed="True" result="Success" success="True" time="0.001" asserts="3">
                <categories />
              </test-case>
              <test-case name="AddEllipseInRect" executed="True" result="Success" success="True" time="0" asserts="3">
                <categories />
              </test-case>
              <test-case name="AddLines" executed="True" result="Success" success="True" time="0.001" asserts="3">
                <categories />
              </test-case>
              <test-case name="AddLineToPoint" executed="True" result="Success" success="True" time="0.001" asserts="3">
                <categories />
              </test-case>
              <test-case name="AddPath" executed="True" result="Success" success="True" time="0" asserts="1">
                <categories />
              </test-case>
              <test-case name="AddQuadCurveToPoint" executed="True" result="Success" success="True" time="0.001" asserts="4">
                <categories />
              </test-case>
              <test-case name="AddRect" executed="True" result="Success" success="True" time="0" asserts="3">
                <categories />
              </test-case>
              <test-case name="AddRects" executed="True" result="Success" success="True" time="0.001" asserts="3">
                <categories />
              </test-case>
              <test-case name="AddRelativeArc" executed="True" result="Success" success="True" time="0.001" asserts="3">
                <categories />
              </test-case>
              <test-case name="Bug40230" executed="True" result="Success" success="True" time="0.001" asserts="3">
                <categories />
              </test-case>
              <test-case name="CopyByDashingPath_18764" executed="True" result="Success" success="True" time="0.002" asserts="4">
                <categories />
              </test-case>
              <test-case name="EllipseFromRect" executed="True" result="Success" success="True" time="0" asserts="1">
                <categories />
              </test-case>
              <test-case name="MoveToPoint" executed="True" result="Success" success="True" time="0" asserts="3">
                <categories />
              </test-case>
            </results>
          </test-suite>
          <test-suite type="TestFixture" name="PDFArrayTest" executed="True" result="Success" success="True" time="0.019" asserts="17">
            <categories />
            <results>
              <test-case name="InvalidHandle" executed="True" result="Success" success="True" time="0.019" asserts="17">
                <categories />
              </test-case>
            </results>
          </test-suite>
          <test-suite type="TestFixture" name="PDFContentStreamTest" executed="True" result="Success" success="True" time="0.012" asserts="4">
            <categories />
            <results>
              <test-case name="FromPage" executed="True" result="Success" success="True" time="0.012" asserts="4">
                <categories />
              </test-case>
            </results>
          </test-suite>
          <test-suite type="TestFixture" name="PDFContextTest" executed="True" result="Success" success="True" time="0.019" asserts="0">
            <categories />
            <results>
              <test-case name="Context_Url" executed="True" result="Success" success="True" time="0.014" asserts="0">
                <categories />
              </test-case>
              <test-case name="Context_Url_Rect" executed="True" result="Success" success="True" time="0.001" asserts="0">
                <categories />
              </test-case>
              <test-case name="Context_Url_Rect_Info" executed="True" result="Success" success="True" time="0.004" asserts="0">
                <categories />
              </test-case>
            </results>
          </test-suite>
          <test-suite type="TestFixture" name="PDFDocumentTest" executed="True" result="Success" success="True" time="0.004" asserts="18">
            <categories />
            <results>
              <test-case name="DataProvider" executed="True" result="Success" success="True" time="0.002" asserts="6">
                <categories />
              </test-case>
              <test-case name="FromFile" executed="True" result="Success" success="True" time="0" asserts="6">
                <categories />
              </test-case>
              <test-case name="FromUrl" executed="True" result="Success" success="True" time="0.001" asserts="6">
                <categories />
              </test-case>
            </results>
          </test-suite>
          <test-suite type="TestFixture" name="PDFInfoTest" executed="True" result="Success" success="True" time="0.002" asserts="0">
            <categories />
            <results>
              <test-case name="ToDictionary" executed="True" result="Success" success="True" time="0.002" asserts="0">
                <categories />
              </test-case>
            </results>
          </test-suite>
          <test-suite type="TestFixture" name="PDFObjectTest" executed="True" result="Success" success="True" time="0.002" asserts="10">
            <categories />
            <results>
              <test-case name="Zero" executed="True" result="Success" success="True" time="0.002" asserts="10">
                <categories />
              </test-case>
            </results>
          </test-suite>
          <test-suite type="TestFixture" name="PDFOperatorTableTest" executed="True" result="Success" success="True" time="0.001" asserts="1">
            <categories />
            <results>
              <test-case name="Default" executed="True" result="Success" success="True" time="0" asserts="1">
                <categories />
              </test-case>
            </results>
          </test-suite>
          <test-suite type="TestFixture" name="PDFScannerTest" executed="True" result="Success" success="True" time="0.004" asserts="5">
            <categories />
            <results>
              <test-case name="Tamarin" executed="True" result="Success" success="True" time="0.004" asserts="5">
                <categories />
              </test-case>
            </results>
          </test-suite>
          <test-suite type="TestFixture" name="RectTest" executed="True" result="Success" success="True" time="0.002" asserts="22">
            <categories />
            <results>
              <test-case name="Empty" executed="True" result="Success" success="True" time="0.001" asserts="4">
                <categories />
              </test-case>
              <test-case name="Infinite" executed="True" result="Success" success="True" time="0" asserts="3">
                <categories />
              </test-case>
              <test-case name="Inflate" executed="True" result="Success" success="True" time="0.001" asserts="12">
                <categories />
              </test-case>
              <test-case name="Null" executed="True" result="Success" success="True" time="0" asserts="3">
                <categories />
              </test-case>
            </results>
          </test-suite>
          <test-suite type="TestFixture" name="LocationTest" executed="True" result="Success" success="True" time="0" asserts="1">
            <categories />
            <results>
              <test-case name="Fields" executed="True" result="Success" success="True" time="0" asserts="1">
                <categories />
              </test-case>
            </results>
          </test-suite>
          <test-suite type="TestFixture" name="AccelerometerDataTest" executed="True" result="Success" success="True" time="0" asserts="0">
            <categories />
            <results />
          </test-suite>
          <test-suite type="TestFixture" name="LogItemTest" executed="True" result="Success" success="True" time="0" asserts="0">
            <categories />
            <results />
          </test-suite>
          <test-suite type="TestFixture" name="AlarmTest" executed="True" result="Success" success="True" time="0.008" asserts="0">
            <categories />
            <results>
              <test-case name="NullAllowedTest" executed="True" result="Success" success="True" time="0.008" asserts="0">
                <categories />
              </test-case>
            </results>
          </test-suite>
          <test-suite type="TestFixture" name="EventKitCalendarTest" executed="True" result="Success" success="True" time="0.012" asserts="22">
            <categories />
            <results>
              <test-case name="FromEventStore" executed="True" result="Success" success="True" time="0.01" asserts="10">
                <categories />
              </test-case>
              <test-case name="FromEventStore_Null" executed="True" result="Success" success="True" time="0" asserts="0">
                <categories />
              </test-case>
              <test-case name="FromEventStoreWithReminder" executed="True" result="Success" success="True" time="0.001" asserts="11">
                <categories />
              </test-case>
              <test-case name="Title" executed="True" result="Success" success="True" time="0.001" asserts="1">
                <categories />
              </test-case>
            </results>
          </test-suite>
          <test-suite type="TestFixture" name="EventStoreTest" executed="False" result="Ignored">
            <categories />
            <reason>
              <message><![CDATA[One or more child tests were ignored]]></message>
            </reason>
            <results>
              <test-case name="DefaultCalendar" executed="False" result="Ignored">
                <categories />
                <properties>
                  <property name="_SKIPREASON" value="fail on a cleaned iOS 6 simulator and (differently) on devices" />
                </properties>
                <reason>
                  <message><![CDATA[fail on a cleaned iOS 6 simulator and (differently) on devices]]></message>
                </reason>
              </test-case>
            </results>
          </test-suite>
          <test-suite type="TestFixture" name="RecurrenceRuleTest" executed="True" result="Success" success="True" time="0.006" asserts="11">
            <categories />
            <results>
              <test-case name="Constructors" executed="True" result="Success" success="True" time="0.004" asserts="0">
                <categories />
              </test-case>
              <test-case name="DefaultProperties" executed="True" result="Success" success="True" time="0.002" asserts="11">
                <categories />
              </test-case>
            </results>
          </test-suite>
          <test-suite type="TestFixture" name="ReminderTest" executed="True" result="Success" success="True" time="0.007" asserts="8">
            <categories />
            <results>
              <test-case name="DefaultProperties" executed="True" result="Success" success="True" time="0.006" asserts="6">
                <categories />
              </test-case>
              <test-case name="NullableProperties" executed="True" result="Success" success="True" time="0.001" asserts="0">
                <categories />
              </test-case>
              <test-case name="Range" executed="True" result="Success" success="True" time="0" asserts="2">
                <categories />
              </test-case>
            </results>
          </test-suite>
          <test-suite type="TestFixture" name="StructureLocationTest" executed="True" result="Success" success="True" time="0.002" asserts="6">
            <categories />
            <results>
              <test-case name="DefaultValues" executed="True" result="Success" success="True" time="0.001" asserts="3">
                <categories />
              </test-case>
              <test-case name="FromTitle" executed="True" result="Success" success="True" time="0" asserts="3">
                <categories />
              </test-case>
            </results>
          </test-suite>
          <test-suite type="TestFixture" name="AA_NSStreamTest" executed="True" result="Success" success="True" time="0.005" asserts="14">
            <categories />
            <results>
              <test-case name="BoundPairTest" executed="True" result="Success" success="True" time="0.005" asserts="14">
                <categories />
              </test-case>
            </results>
          </test-suite>
          <test-suite type="TestFixture" name="AttributedStringTest" executed="True" result="Success" success="True" time="0.009" asserts="16">
            <categories />
            <results>
              <test-case name="Fields" executed="True" result="Success" success="True" time="0.001" asserts="10">
                <categories />
              </test-case>
              <test-case name="InitWith" executed="True" result="Success" success="True" time="0.005" asserts="3">
                <categories />
              </test-case>
              <test-case name="MutableCopy" executed="True" result="Success" success="True" time="0.003" asserts="2">
                <categories />
              </test-case>
              <test-case name="NullDictionary" executed="True" result="Success" success="True" time="0" asserts="1">
                <categories />
              </test-case>
            </results>
          </test-suite>
          <test-suite type="TestFixture" name="BlockOperationTest" executed="True" result="Success" success="True" time="0.003" asserts="1">
            <categories />
            <results>
              <test-case name="Add_Null" executed="True" result="Success" success="True" time="0.002" asserts="0">
                <categories />
              </test-case>
              <test-case name="Create_Null" executed="True" result="Success" success="True" time="0" asserts="0">
                <categories />
              </test-case>
              <test-case name="ExecutionBlocks" executed="True" result="Success" success="True" time="0.001" asserts="1">
                <categories />
              </test-case>
            </results>
          </test-suite>
          <test-suite type="TestFixture" name="BundleTest" executed="True" result="Success" success="True" time="0.007" asserts="17">
            <categories />
            <results>
              <test-case name="AppStoreReceiptURL" executed="True" result="Success" success="True" time="0.001" asserts="1">
                <categories />
              </test-case>
              <test-case name="Localizations" executed="True" result="Success" success="True" time="0.002" asserts="2">
                <categories />
              </test-case>
              <test-case name="LocalizedString2" executed="True" result="Success" success="True" time="0.001" asserts="3">
                <categories />
              </test-case>
              <test-case name="LocalizedString3" executed="True" result="Success" success="True" time="0" asserts="4">
                <categories />
              </test-case>
              <test-case name="LocalizedString4" executed="True" result="Success" success="True" time="0.001" asserts="5">
                <categories />
              </test-case>
              <test-case name="PreferredLocalizations" executed="True" result="Success" success="True" time="0" asserts="2">
                <categories />
              </test-case>
            </results>
          </test-suite>
          <test-suite type="TestFixture" name="CachedUrlResponseTest" executed="True" result="Success" success="True" time="0.008" asserts="4">
            <categories />
            <results>
              <test-case name="ConstructorTest" executed="True" result="Success" success="True" time="0.008" asserts="4">
                <categories />
              </test-case>
            </results>
          </test-suite>
          <test-suite type="TestFixture" name="CalendarTest" executed="True" result="Success" success="True" time="0.095" asserts="116">
            <categories />
            <results>
              <test-case name="DateByAddingComponentsTest" executed="True" result="Success" success="True" time="0.009" asserts="1">
                <categories />
              </test-case>
              <test-case name="DateComponentsTest" executed="True" result="Success" success="True" time="0.002" asserts="4">
                <categories />
              </test-case>
              <test-case name="DateFromComponents" executed="True" result="Success" success="True" time="0.001" asserts="1">
                <categories />
              </test-case>
              <test-case name="GetAllCalendarIdentifiers" executed="True" result="Success" success="True" time="0.012" asserts="17">
                <categories />
              </test-case>
              <test-case name="TestAddingByComponents" executed="True" result="Success" success="True" time="0.003" asserts="2">
                <categories />
              </test-case>
              <test-case name="TestCalendarComparision" executed="True" result="Success" success="True" time="0.001" asserts="1">
                <categories />
              </test-case>
              <test-case name="TestCalendarComponents" executed="True" result="Success" success="True" time="0.002" asserts="16">
                <categories />
              </test-case>
              <test-case name="TestCalendarSymbols" executed="True" result="Success" success="True" time="0.018" asserts="20">
                <categories />
              </test-case>
              <test-case name="TestComponentsFromDateToDate" executed="True" result="Success" success="True" time="0.001" asserts="1">
                <categories />
              </test-case>
              <test-case name="TestComponentsInTimeZone" executed="True" result="Success" success="True" time="0.002" asserts="1">
                <categories />
              </test-case>
              <test-case name="TestEnumerateDates" executed="True" result="Success" success="True" time="0.002" asserts="1">
                <categories />
              </test-case>
              <test-case name="TestFindNextDate" executed="True" result="Success" success="True" time="0.003" asserts="3">
                <categories />
              </test-case>
              <test-case name="TestFindNextDateAfterDateMatching" executed="True" result="Success" success="True" time="0.009" asserts="3">
                <categories />
              </test-case>
              <test-case name="TestIsDateMethods" executed="True" result="Success" success="True" time="0.004" asserts="8">
                <categories />
              </test-case>
              <test-case name="TestMatchesComponents" executed="True" result="Success" success="True" time="0.001" asserts="1">
                <categories />
              </test-case>
              <test-suite type="ParameterizedMethod" name="TestMaximumRange" executed="True" result="Success" success="True" time="0.001" asserts="6">
                <categories />
                <results>
                  <test-case name="TestMaximumRange(1,12,Month)" executed="True" result="Success" success="True" time="0.001" asserts="2">
                    <categories />
                  </test-case>
                  <test-case name="TestMaximumRange(1,31,Day)" executed="True" result="Success" success="True" time="0" asserts="2">
                    <categories />
                  </test-case>
                  <test-case name="TestMaximumRange(0,24,Hour)" executed="True" result="Success" success="True" time="0" asserts="2">
                    <categories />
                  </test-case>
                </results>
              </test-suite>
              <test-suite type="ParameterizedMethod" name="TestMinimumRange" executed="True" result="Success" success="True" time="0.001" asserts="6">
                <categories />
                <results>
                  <test-case name="TestMinimumRange(1,12,Month)" executed="True" result="Success" success="True" time="0" asserts="2">
                    <categories />
                  </test-case>
                  <test-case name="TestMinimumRange(1,28,Day)" executed="True" result="Success" success="True" time="0" asserts="2">
                    <categories />
                  </test-case>
                  <test-case name="TestMinimumRange(0,24,Hour)" executed="True" result="Success" success="True" time="0" asserts="2">
                    <categories />
                  </test-case>
                </results>
              </test-suite>
              <test-case name="TestNSCalendarConstructors" executed="True" result="Success" success="True" time="0.001" asserts="2">
                <categories />
              </test-case>
              <test-case name="TestNSDateComponentNewAPIs" executed="True" result="Success" success="True" time="0.002" asserts="3">
                <categories />
              </test-case>
              <test-suite type="ParameterizedMethod" name="TestOrdinality" executed="True" result="Success" success="True" time="0.003" asserts="2">
                <categories />
                <results>
                  <test-case name="TestOrdinality(2010,1,11,Day,Month,11)" executed="True" result="Success" success="True" time="0.003" asserts="1">
                    <categories />
                  </test-case>
                  <test-case name="TestOrdinality(2010,4,15,Day,Month,15)" executed="True" result="Success" success="True" time="0" asserts="1">
                    <categories />
                  </test-case>
                </results>
              </test-suite>
              <test-suite type="ParameterizedMethod" name="TestRange" executed="True" result="Success" success="True" time="0.002" asserts="8">
                <categories />
                <results>
                  <test-case name="TestRange(2010,1,11,1,31,Day,Month)" executed="True" result="Success" success="True" time="0.001" asserts="2">
                    <categories />
                  </test-case>
                  <test-case name="TestRange(2010,2,11,1,28,Day,Month)" executed="True" result="Success" success="True" time="0" asserts="2">
                    <categories />
                  </test-case>
                  <test-case name="TestRange(2010,3,11,1,31,Day,Month)" executed="True" result="Success" success="True" time="0" asserts="2">
                    <categories />
                  </test-case>
                  <test-case name="TestRange(1999,1,11,0,24,Hour,Day)" executed="True" result="Success" success="True" time="0" asserts="2">
                    <categories />
                  </test-case>
                </results>
              </test-suite>
              <test-case name="TestRangeOfWeekendContainingDate" executed="True" result="Success" success="True" time="0.001" asserts="1">
                <categories />
              </test-case>
              <test-suite type="ParameterizedMethod" name="TestRangeOrUnitInterval" executed="True" result="Success" success="True" time="0.002" asserts="3">
                <categories />
                <results>
                  <test-case name="TestRangeOrUnitInterval(2010,1,11,Day,86400.0d)" executed="True" result="Success" success="True" time="0.001" asserts="1">
                    <categories />
                  </test-case>
                  <test-case name="TestRangeOrUnitInterval(2010,2,11,Hour,3600.0d)" executed="True" result="Success" success="True" time="0" asserts="1">
                    <categories />
                  </test-case>
                  <test-case name="TestRangeOrUnitInterval(2015,2,11,Month,2419200.0d)" executed="True" result="Success" success="True" time="0" asserts="1">
                    <categories />
                  </test-case>
                </results>
              </test-suite>
              <test-suite type="ParameterizedMethod" name="TestRangeOrUnitIntervalNotNull" executed="True" result="Success" success="True" time="0.001" asserts="3">
                <categories />
                <results>
                  <test-case name="TestRangeOrUnitIntervalNotNull(2010,1,11,Day,86400.0d)" executed="True" result="Success" success="True" time="0.001" asserts="1">
                    <categories />
                  </test-case>
                  <test-case name="TestRangeOrUnitIntervalNotNull(2010,2,11,Hour,3600.0d)" executed="True" result="Success" success="True" time="0" asserts="1">
                    <categories />
                  </test-case>
                  <test-case name="TestRangeOrUnitIntervalNotNull(2015,2,11,Month,2419200.0d)" executed="True" result="Success" success="True" time="0" asserts="1">
                    <categories />
                  </test-case>
                </results>
              </test-suite>
              <test-case name="TestSettingHourComponent" executed="True" result="Success" success="True" time="0.001" asserts="1">
                <categories />
              </test-case>
              <test-case name="TestSignUpForDateNotification" executed="True" result="Success" success="True" time="0.006" asserts="0">
                <categories />
              </test-case>
              <test-case name="TestStartOfDay" executed="True" result="Success" success="True" time="0.001" asserts="1">
                <categories />
              </test-case>
            </results>
          </test-suite>
          <test-suite type="TestFixture" name="CoderTest" executed="True" result="Success" success="True" time="0.01" asserts="18">
            <categories />
            <results>
              <test-case name="EncodeDecodeTest" executed="True" result="Success" success="True" time="0.009" asserts="18">
                <categories />
              </test-case>
            </results>
          </test-suite>
          <test-suite type="TestFixture" name="DateFormatterTest" executed="True" result="Success" success="True" time="0.006" asserts="3">
            <categories />
            <results>
              <test-case name="GetDateFormatFromTemplateTest" executed="True" result="Success" success="True" time="0.004" asserts="2">
                <categories />
              </test-case>
              <test-case name="ToLocalizedStringTest" executed="True" result="Success" success="True" time="0.001" asserts="1">
                <categories />
              </test-case>
            </results>
          </test-suite>
          <test-suite type="TestFixture" name="DateTest" executed="True" result="Success" success="True" time="0.005" asserts="11">
            <categories />
            <results>
              <test-case name="DescriptionWithLocale" executed="True" result="Success" success="True" time="0.001" asserts="1">
                <categories />
              </test-case>
              <test-case name="InLimits" executed="True" result="Success" success="True" time="0.002" asserts="5">
                <categories />
              </test-case>
              <test-case name="OutLimits" executed="True" result="Success" success="True" time="0.002" asserts="5">
                <categories />
              </test-case>
            </results>
          </test-suite>
          <test-suite type="TestFixture" name="DecimalNumberTest" executed="True" result="Success" success="True" time="0.003" asserts="1">
            <categories />
            <results>
              <test-case name="One" executed="True" result="Success" success="True" time="0.003" asserts="1">
                <categories />
              </test-case>
            </results>
          </test-suite>
          <test-suite type="TestFixture" name="DecimalTest" executed="True" result="Success" success="True" time="0.011" asserts="8">
            <categories />
            <results>
              <test-case name="CastDecimal" executed="True" result="Success" success="True" time="0.007" asserts="2">
                <categories />
              </test-case>
              <test-case name="CastDouble" executed="True" result="Success" success="True" time="0.001" asserts="2">
                <categories />
              </test-case>
              <test-case name="CastFloat" executed="True" result="Success" success="True" time="0.002" asserts="2">
                <categories />
              </test-case>
              <test-case name="CastInt" executed="True" result="Success" success="True" time="0.001" asserts="2">
                <categories />
              </test-case>
            </results>
          </test-suite>
          <test-suite type="TestFixture" name="DictionaryContainerTest" executed="True" result="Success" success="True" time="0.017" asserts="29">
            <categories />
            <results>
              <test-case name="Empty" executed="True" result="Success" success="True" time="0" asserts="1">
                <categories />
              </test-case>
              <test-case name="SetArrayValue_INativeObject" executed="True" result="Success" success="True" time="0.002" asserts="4">
                <categories />
              </test-case>
              <test-case name="SetArrayValue_NSNumber" executed="True" result="Success" success="True" time="0.002" asserts="4">
                <categories />
              </test-case>
              <test-case name="SetArrayValue_String" executed="True" result="Success" success="True" time="0.001" asserts="4">
                <categories />
              </test-case>
              <test-case name="SetArrayValue_T_Enum" executed="True" result="Success" success="True" time="0.007" asserts="4">
                <categories />
              </test-case>
              <test-case name="SetBooleanValue" executed="True" result="Success" success="True" time="0.001" asserts="3">
                <categories />
              </test-case>
              <test-case name="SetNumberValue_Int32" executed="True" result="Success" success="True" time="0.001" asserts="3">
                <categories />
              </test-case>
              <test-case name="SetNumberValue_UInt32" executed="True" result="Success" success="True" time="0.001" asserts="3">
                <categories />
              </test-case>
              <test-case name="SetStringValue" executed="True" result="Success" success="True" time="0.001" asserts="3">
                <categories />
              </test-case>
            </results>
          </test-suite>
          <test-suite type="TestFixture" name="DimensionTest" executed="True" result="Success" success="True" time="0.043" asserts="43">
            <categories />
            <results>
              <test-case name="BaseUnit" executed="True" result="Success" success="True" time="0.001" asserts="1">
                <categories />
              </test-case>
              <test-case name="NSUnitAcceleration_BaseUnit" executed="True" result="Success" success="True" time="0.005" asserts="2">
                <categories />
              </test-case>
              <test-case name="NSUnitAngle_BaseUnit" executed="True" result="Success" success="True" time="0.002" asserts="2">
                <categories />
              </test-case>
              <test-case name="NSUnitArea_BaseUnit" executed="True" result="Success" success="True" time="0.002" asserts="2">
                <categories />
              </test-case>
              <test-case name="NSUnitConcentrationMass_BaseUnit" executed="True" result="Success" success="True" time="0.002" asserts="2">
                <categories />
              </test-case>
              <test-case name="NSUnitDispersion_BaseUnit" executed="True" result="Success" success="True" time="0.001" asserts="2">
                <categories />
              </test-case>
              <test-case name="NSUnitDuration_BaseUnit" executed="True" result="Success" success="True" time="0.001" asserts="2">
                <categories />
              </test-case>
              <test-case name="NSUnitElectricCharge_BaseUnit" executed="True" result="Success" success="True" time="0.001" asserts="2">
                <categories />
              </test-case>
              <test-case name="NSUnitElectricCurrent_BaseUnit" executed="True" result="Success" success="True" time="0.002" asserts="2">
                <categories />
              </test-case>
              <test-case name="NSUnitElectricPotentialDifference_BaseUnit" executed="True" result="Success" success="True" time="0.002" asserts="2">
                <categories />
              </test-case>
              <test-case name="NSUnitElectricResistance_BaseUnit" executed="True" result="Success" success="True" time="0.002" asserts="2">
                <categories />
              </test-case>
              <test-case name="NSUnitEnergy_BaseUnit" executed="True" result="Success" success="True" time="0.001" asserts="2">
                <categories />
              </test-case>
              <test-case name="NSUnitFrequency_BaseUnit" executed="True" result="Success" success="True" time="0.002" asserts="2">
                <categories />
              </test-case>
              <test-case name="NSUnitFuelEfficiency_BaseUnit" executed="True" result="Success" success="True" time="0.001" asserts="2">
                <categories />
              </test-case>
              <test-case name="NSUnitIlluminance_BaseUnit" executed="True" result="Success" success="True" time="0.001" asserts="2">
                <categories />
              </test-case>
              <test-case name="NSUnitLength_BaseUnit" executed="True" result="Success" success="True" time="0.004" asserts="2">
                <categories />
              </test-case>
              <test-case name="NSUnitMass_BaseUnit" executed="True" result="Success" success="True" time="0.002" asserts="2">
                <categories />
              </test-case>
              <test-case name="NSUnitPower_BaseUnit" executed="True" result="Success" success="True" time="0.003" asserts="2">
                <categories />
              </test-case>
              <test-case name="NSUnitPressure_BaseUnit" executed="True" result="Success" success="True" time="0.002" asserts="2">
                <categories />
              </test-case>
              <test-case name="NSUnitSpeed_BaseUnit" executed="True" result="Success" success="True" time="0.002" asserts="2">
                <categories />
              </test-case>
              <test-case name="NSUnitTemperature_BaseUnit" executed="True" result="Success" success="True" time="0.001" asserts="2">
                <categories />
              </test-case>
              <test-case name="NSUnitVolume_BaseUnit" executed="True" result="Success" success="True" time="0.001" asserts="2">
                <categories />
              </test-case>
            </results>
          </test-suite>
          <test-suite type="TestFixture" name="EncodingDetectionOptionsTest" executed="True" result="Success" success="True" time="0.001" asserts="3">
            <categories />
            <results>
              <test-case name="SetValueEnumArray" executed="True" result="Success" success="True" time="0.001" asserts="3">
                <categories />
              </test-case>
            </results>
          </test-suite>
          <test-suite type="TestFixture" name="FileCoordinatorTest" executed="True" result="Success" success="True" time="0.038" asserts="10">
            <categories />
            <results>
              <test-case name="CoordinateBatch_Action" executed="True" result="Success" success="True" time="0.014" asserts="2">
                <categories />
              </test-case>
              <test-case name="CoordinateBatch_Action_Null" executed="True" result="Success" success="True" time="0" asserts="0">
                <categories />
              </test-case>
              <test-case name="CoordinateRead" executed="True" result="Success" success="True" time="0.01" asserts="2">
                <categories />
              </test-case>
              <test-case name="CoordinateRead_Null" executed="True" result="Success" success="True" time="0" asserts="0">
                <categories />
              </test-case>
              <test-case name="CoordinateReadWrite" executed="True" result="Success" success="True" time="0.006" asserts="2">
                <categories />
              </test-case>
              <test-case name="CoordinateReadWrite_Null" executed="True" result="Success" success="True" time="0" asserts="0">
                <categories />
              </test-case>
              <test-case name="CoordinateWrite" executed="True" result="Success" success="True" time="0.002" asserts="2">
                <categories />
              </test-case>
              <test-case name="CoordinateWrite_Null" executed="True" result="Success" success="True" time="0" asserts="0">
                <categories />
              </test-case>
              <test-case name="CoordinateWriteWrite" executed="True" result="Success" success="True" time="0.003" asserts="2">
                <categories />
              </test-case>
              <test-case name="CoordinateWriteWrite_Null" executed="True" result="Success" success="True" time="0" asserts="0">
                <categories />
              </test-case>
            </results>
          </test-suite>
          <test-suite type="TestFixture" name="FileHandleTest" executed="True" result="Success" success="True" time="0.003" asserts="2">
            <categories />
            <results>
              <test-case name="Descriptor" executed="True" result="Success" success="True" time="0.002" asserts="1">
                <categories />
              </test-case>
              <test-case name="DescriptorClose" executed="True" result="Success" success="True" time="0.001" asserts="1">
                <categories />
              </test-case>
            </results>
          </test-suite>
          <test-suite type="TestFixture" name="FormatterTests" executed="True" result="Success" success="True" time="0.02" asserts="34">
            <categories />
            <results>
              <test-case name="DateGetObjectValueTest" executed="True" result="Success" success="True" time="0.003" asserts="1">
                <categories />
              </test-case>
              <test-case name="DateIntervalStringFromDate" executed="True" result="Success" success="True" time="0.005" asserts="2">
                <categories />
              </test-case>
              <test-case name="DateLocalizedStringFromDateComponents" executed="True" result="Success" success="True" time="0.002" asserts="2">
                <categories />
              </test-case>
              <test-case name="DateStringForObjectValue" executed="True" result="Success" success="True" time="0.001" asserts="2">
                <categories />
              </test-case>
              <test-case name="DateStringFromDate" executed="True" result="Success" success="True" time="0.001" asserts="2">
                <categories />
              </test-case>
              <test-case name="DateStringFromDateComponents" executed="True" result="Success" success="True" time="0" asserts="2">
                <categories />
              </test-case>
              <test-case name="DateStringFromTimeInterval" executed="True" result="Success" success="True" time="0" asserts="2">
                <categories />
              </test-case>
              <test-case name="DateTestProperties" executed="True" result="Success" success="True" time="0.002" asserts="11">
                <categories />
              </test-case>
              <test-case name="EnergyEnergyStringFromJoules" executed="True" result="Success" success="True" time="0.001" asserts="2">
                <categories />
              </test-case>
              <test-case name="EnergyEnergyStringFromValue" executed="True" result="Success" success="True" time="0" asserts="2">
                <categories />
              </test-case>
              <test-case name="EnergyGetObjectValue" executed="True" result="Success" success="True" time="0" asserts="1">
                <categories />
              </test-case>
              <test-case name="EnergyUnitStringFromJoules" executed="True" result="Success" success="True" time="0.004" asserts="3">
                <categories />
              </test-case>
              <test-case name="EnergyUnitStringFromValue" executed="True" result="Success" success="True" time="0.001" asserts="2">
                <categories />
              </test-case>
            </results>
          </test-suite>
          <test-suite type="TestFixture" name="HttpCookieTest" executed="True" result="Success" success="True" time="0.032" asserts="76">
            <categories />
            <results>
              <test-case name="CookieFromProperties" executed="True" result="Success" success="True" time="0.009" asserts="6">
                <categories />
              </test-case>
              <test-case name="DotNetInterop_NonSession" executed="True" result="Success" success="True" time="0.014" asserts="13">
                <categories />
              </test-case>
              <test-case name="DotNetInteropCommon" executed="True" result="Success" success="True" time="0.001" asserts="13">
                <categories />
              </test-case>
              <test-case name="DotNetInteropMax" executed="True" result="Success" success="True" time="0.002" asserts="13">
                <categories />
              </test-case>
              <test-case name="DotNetInteropMin" executed="True" result="Success" success="True" time="0.001" asserts="1">
                <categories />
              </test-case>
              <test-case name="NiceFourCtor" executed="True" result="Success" success="True" time="0.001" asserts="4">
                <categories />
              </test-case>
              <test-case name="NiceThreeCtor" executed="True" result="Success" success="True" time="0" asserts="4">
                <categories />
              </test-case>
              <test-case name="NiceTwoCtor" executed="True" result="Success" success="True" time="0.001" asserts="4">
                <categories />
              </test-case>
              <test-case name="NSDictionaryCtor" executed="True" result="Success" success="True" time="0.001" asserts="6">
                <categories />
              </test-case>
              <test-case name="PortList_4990" executed="True" result="Success" success="True" time="0.001" asserts="12">
                <categories />
              </test-case>
            </results>
          </test-suite>
          <test-suite type="TestFixture" name="IndexPathTest" executed="True" result="Success" success="True" time="0.005" asserts="31">
            <categories />
            <results>
              <test-case name="CompareTest" executed="True" result="Success" success="True" time="0.002" asserts="5">
                <categories />
              </test-case>
              <test-case name="CreateTest" executed="True" result="Success" success="True" time="0.002" asserts="14">
                <categories />
              </test-case>
              <test-case name="FromIndex" executed="True" result="Success" success="True" time="0" asserts="3">
                <categories />
              </test-case>
              <test-case name="IndexAtPositionTest" executed="True" result="Success" success="True" time="0" asserts="4">
                <categories />
              </test-case>
              <test-case name="IndexPathByAddingIndexTest" executed="True" result="Success" success="True" time="0" asserts="3">
                <categories />
              </test-case>
              <test-case name="IndexPathByRemovingLastIndexTest" executed="True" result="Success" success="True" time="0" asserts="2">
                <categories />
              </test-case>
            </results>
          </test-suite>
          <test-suite type="TestFixture" name="KeyedUnarchiverTest" executed="True" result="Success" success="True" time="0.001" asserts="2">
            <categories />
            <results>
              <test-case name="Exceptions" executed="True" result="Success" success="True" time="0.001" asserts="2">
                <categories />
              </test-case>
            </results>
          </test-suite>
          <test-suite type="TestFixture" name="LocaleTest" executed="True" result="Success" success="True" time="0.007" asserts="31">
            <categories />
            <results>
              <test-case name="CountryLessLocale" executed="True" result="Success" success="True" time="0" asserts="1">
                <categories />
              </test-case>
              <test-case name="CurrentLocale" executed="True" result="Success" success="True" time="0" asserts="1">
                <categories />
              </test-case>
              <test-case name="DisplayName_En" executed="True" result="Success" success="True" time="0.001" asserts="4">
                <categories />
              </test-case>
              <test-case name="DisplayName_Fr" executed="True" result="Success" success="True" time="0.001" asserts="8">
                <categories />
              </test-case>
              <test-case name="FromLocaleIdentifier" executed="True" result="Success" success="True" time="0" asserts="1">
                <categories />
              </test-case>
              <test-case name="InitRegionInfo" executed="True" result="Success" success="True" time="0.001" asserts="1">
                <categories />
              </test-case>
              <test-case name="Properties" executed="True" result="Success" success="True" time="0.003" asserts="15">
                <categories />
              </test-case>
            </results>
          </test-suite>
          <test-suite type="TestFixture" name="MutableDataTest" executed="True" result="Success" success="True" time="0.004" asserts="6">
            <categories />
            <results>
              <test-case name="Constructor" executed="True" result="Success" success="True" time="0.002" asserts="2">
                <categories />
              </test-case>
              <test-case name="FromCapacity" executed="True" result="Success" success="True" time="0.001" asserts="2">
                <categories />
              </test-case>
              <test-case name="FromLength" executed="True" result="Success" success="True" time="0.001" asserts="2">
                <categories />
              </test-case>
            </results>
          </test-suite>
          <test-suite type="TestFixture" name="MutableSAttributedStringTest" executed="True" result="Success" success="True" time="0.002" asserts="4">
            <categories />
            <results>
              <test-case name="InitWith" executed="True" result="Success" success="True" time="0.002" asserts="3">
                <categories />
              </test-case>
              <test-case name="NullDictionary" executed="True" result="Success" success="True" time="0" asserts="1">
                <categories />
              </test-case>
            </results>
          </test-suite>
          <test-suite type="TestFixture" name="MutableStringTest" executed="True" result="Success" success="True" time="0.006" asserts="10">
            <categories />
            <results>
              <test-case name="Delete" executed="True" result="Success" success="True" time="0.002" asserts="3">
                <categories />
              </test-case>
              <test-case name="Insert" executed="True" result="Success" success="True" time="0.002" asserts="3">
                <categories />
              </test-case>
              <test-case name="Replace" executed="True" result="Success" success="True" time="0.002" asserts="4">
                <categories />
              </test-case>
            </results>
          </test-suite>
          <test-suite type="TestFixture" name="NotificationCenterTest" executed="False" result="Ignored">
            <categories />
            <reason>
              <message><![CDATA[One or more child tests were ignored]]></message>
            </reason>
            <results>
              <test-case name="Free" executed="False" result="Ignored">
                <categories />
                <properties>
                  <property name="_SKIPREASON" value="This test is 'randomly' failing the first time it's executed with debugging disabled (if executed with the rest of the tests) - CWLS show that the TestNotification instance is freed at the end of the test run." />
                </properties>
                <reason>
                  <message><![CDATA[This test is 'randomly' failing the first time it's executed with debugging disabled (if executed with the rest of the tests) - CWLS show that the TestNotification instance is freed at the end of the test run.]]></message>
                </reason>
              </test-case>
            </results>
          </test-suite>
          <test-suite type="TestFixture" name="NotificationQueueTest" executed="True" result="Success" success="True" time="0.002" asserts="1">
            <categories />
            <results>
              <test-case name="DefaultQueue" executed="True" result="Success" success="True" time="0.001" asserts="1">
                <categories />
              </test-case>
            </results>
          </test-suite>
          <test-suite type="TestFixture" name="NSArray1Test" executed="True" result="Success" success="True" time="0.01" asserts="120">
            <categories />
            <results>
              <test-case name="Ctor" executed="True" result="Success" success="True" time="0.001" asserts="1">
                <categories />
              </test-case>
              <test-case name="FromNSObjectsCountTest" executed="True" result="Success" success="True" time="0.001" asserts="4">
                <categories />
              </test-case>
              <test-case name="FromNSObjectsNullTest" executed="True" result="Success" success="True" time="0" asserts="4">
                <categories />
              </test-case>
              <test-case name="FromNSObjectsTest" executed="True" result="Success" success="True" time="0" asserts="4">
                <categories />
              </test-case>
              <test-case name="IEnumerableTest" executed="True" result="Success" success="True" time="0.007" asserts="107">
                <categories />
              </test-case>
            </results>
          </test-suite>
          <test-suite type="TestFixture" name="NSArrayTest" executed="True" result="Success" success="True" time="0.006" asserts="11">
            <categories />
            <results>
              <test-case name="Filter" executed="True" result="Success" success="True" time="0.002" asserts="3">
                <categories />
              </test-case>
              <test-case name="FromNSObjects" executed="True" result="Success" success="True" time="0" asserts="2">
                <categories />
              </test-case>
              <test-case name="FromStrings_Null" executed="True" result="Success" success="True" time="0" asserts="2">
                <categories />
              </test-case>
              <test-case name="INativeObjects" executed="True" result="Success" success="True" time="0.002" asserts="1">
                <categories />
              </test-case>
              <test-case name="Sort" executed="True" result="Success" success="True" time="0.001" asserts="3">
                <categories />
              </test-case>
            </results>
          </test-suite>
          <test-suite type="TestFixture" name="NSCharacterSetTest" executed="True" result="Success" success="True" time="0.005" asserts="30">
            <categories />
            <results>
              <test-case name="NSMutableCharacterSet_TestStaticSets" executed="True" result="Success" success="True" time="0.004" asserts="30">
                <categories />
              </test-case>
            </results>
          </test-suite>
          <test-suite type="TestFixture" name="NSDataTest" executed="True" result="Success" success="True" time="0.437" asserts="44">
            <categories />
            <results>
              <test-case name="AsStream" executed="True" result="Success" success="True" time="0.002" asserts="2">
                <categories />
              </test-case>
              <test-case name="Base64_Long" executed="True" result="Success" success="True" time="0.001" asserts="6">
                <categories />
              </test-case>
              <test-case name="Base64_Short" executed="True" result="Success" success="True" time="0" asserts="5">
                <categories />
              </test-case>
              <test-case name="Base64Data" executed="True" result="Success" success="True" time="0" asserts="1">
                <categories />
              </test-case>
              <test-case name="Base64String" executed="True" result="Success" success="True" time="0" asserts="1">
                <categories />
              </test-case>
              <test-case name="BytesLength" executed="True" result="Success" success="True" time="0" asserts="2">
                <categories />
              </test-case>
              <test-case name="ConstructorTest" executed="True" result="Success" success="True" time="0.004" asserts="8">
                <categories />
              </test-case>
              <test-case name="FromEmptyArrayTest" executed="True" result="Success" success="True" time="0" asserts="1">
                <categories />
              </test-case>
              <test-case name="FromFile" executed="True" result="Success" success="True" time="0" asserts="2">
                <categories />
              </test-case>
              <test-case name="FromFile_Options" executed="True" result="Success" success="True" time="0.002" asserts="2">
                <categories />
              </test-case>
              <test-case name="FromStream" executed="True" result="Success" success="True" time="0.001" asserts="2">
                <categories />
              </test-case>
              <test-case name="FromStream_CanNotRead" executed="True" result="Success" success="True" time="0" asserts="1">
                <categories />
              </test-case>
              <test-case name="FromStream_CanNotSeek" executed="True" result="Success" success="True" time="0.001" asserts="1">
                <categories />
              </test-case>
              <test-case name="FromStream_Negative" executed="True" result="Success" success="True" time="0.001" asserts="2">
                <categories />
              </test-case>
              <test-case name="FromStream_NoLength" executed="True" result="Success" success="True" time="0.001" asserts="1">
                <categories />
              </test-case>
              <test-case name="FromStream_Position" executed="True" result="Success" success="True" time="0" asserts="1">
                <categories />
              </test-case>
              <test-case name="Https" executed="True" result="Success" success="True" time="0.421" asserts="1">
                <categories />
              </test-case>
              <test-case name="ToArray" executed="True" result="Success" success="True" time="0" asserts="4">
                <categories />
              </test-case>
              <test-case name="ToString_17693" executed="True" result="Success" success="True" time="0" asserts="1">
                <categories />
              </test-case>
            </results>
          </test-suite>
          <test-suite type="TestFixture" name="NSDictionary2Test" executed="True" result="Success" success="True" time="0.03" asserts="136">
            <categories />
            <results>
              <test-case name="ContainsKeyTest" executed="True" result="Success" success="True" time="0.003" asserts="3">
                <categories />
              </test-case>
              <test-case name="Copy" executed="True" result="Success" success="True" time="0.001" asserts="9">
                <categories />
              </test-case>
              <test-case name="Ctor" executed="True" result="Success" success="True" time="0" asserts="1">
                <categories />
              </test-case>
              <test-case name="Ctor_Arrays" executed="True" result="Success" success="True" time="0.001" asserts="3">
                <categories />
              </test-case>
              <test-case name="Ctor_NSDictionary" executed="True" result="Success" success="True" time="0.001" asserts="2">
                <categories />
              </test-case>
              <test-case name="DictionaryCtorKeyValues" executed="True" result="Success" success="True" time="0" asserts="2">
                <categories />
              </test-case>
              <test-case name="FromObjectsAndKeysGenericTest" executed="True" result="Success" success="True" time="0.002" asserts="6">
                <categories />
              </test-case>
              <test-case name="ICollection2Test" executed="True" result="Success" success="True" time="0.007" asserts="18">
                <categories />
              </test-case>
              <test-case name="IDictionary2Test" executed="True" result="Success" success="True" time="0.003" asserts="30">
                <categories />
              </test-case>
              <test-case name="IEnumerable_KVP2Test" executed="True" result="Success" success="True" time="0" asserts="1">
                <categories />
              </test-case>
              <test-case name="IEnumerableTest" executed="True" result="Success" success="True" time="0.001" asserts="1">
                <categories />
              </test-case>
              <test-case name="InbalancedCtor" executed="True" result="Success" success="True" time="0" asserts="1">
                <categories />
              </test-case>
              <test-case name="IndexerTest" executed="True" result="Success" success="True" time="0.001" asserts="3">
                <categories />
              </test-case>
              <test-case name="InvalidType" executed="True" result="Success" success="True" time="0.003" asserts="7">
                <categories />
              </test-case>
              <test-case name="KeysForObjectTest" executed="True" result="Success" success="True" time="0.001" asserts="5">
                <categories />
              </test-case>
              <test-case name="KeysTest" executed="True" result="Success" success="True" time="0" asserts="2">
                <categories />
              </test-case>
              <test-case name="KeyValue_Autorelease" executed="True" result="Success" success="True" time="0.001" asserts="10">
                <categories />
              </test-case>
              <test-case name="MutableCopy" executed="True" result="Success" success="True" time="0.001" asserts="6">
                <categories />
              </test-case>
              <test-case name="ObjectForKeyTest" executed="True" result="Success" success="True" time="0" asserts="3">
                <categories />
              </test-case>
              <test-case name="ObjectsForKeysTest" executed="True" result="Success" success="True" time="0.001" asserts="6">
                <categories />
              </test-case>
              <test-case name="TryGetValueTest" executed="True" result="Success" success="True" time="0" asserts="4">
                <categories />
              </test-case>
              <test-case name="ValuesTest" executed="True" result="Success" success="True" time="0" asserts="2">
                <categories />
              </test-case>
              <test-case name="XForY_Autorelease" executed="True" result="Success" success="True" time="0.001" asserts="11">
                <categories />
              </test-case>
            </results>
          </test-suite>
          <test-suite type="TestFixture" name="NSDictionaryTest" executed="True" result="Success" success="True" time="0.009" asserts="54">
            <categories />
            <results>
              <test-case name="Copy" executed="True" result="Success" success="True" time="0.001" asserts="9">
                <categories />
              </test-case>
              <test-case name="DictionaryCtorKeyValues" executed="True" result="Success" success="True" time="0.001" asserts="5">
                <categories />
              </test-case>
              <test-case name="DictionaryCtorKeyValuesObjects" executed="True" result="Success" success="True" time="0.001" asserts="5">
                <categories />
              </test-case>
              <test-case name="FromObjectsAndKeysTest" executed="True" result="Success" success="True" time="0.002" asserts="2">
                <categories />
              </test-case>
              <test-case name="InbalancedCtor" executed="True" result="Success" success="True" time="0" asserts="0">
                <categories />
              </test-case>
              <test-case name="InbalancedCtor2" executed="True" result="Success" success="True" time="0" asserts="0">
                <categories />
              </test-case>
              <test-case name="IndexerTest" executed="True" result="Success" success="True" time="0.002" asserts="6">
                <categories />
              </test-case>
              <test-case name="KeyValue_Autorelease" executed="True" result="Success" success="True" time="0.001" asserts="10">
                <categories />
              </test-case>
              <test-case name="MutableCopy" executed="True" result="Success" success="True" time="0.001" asserts="6">
                <categories />
              </test-case>
              <test-case name="XForY_Autorelease" executed="True" result="Success" success="True" time="0.001" asserts="11">
                <categories />
              </test-case>
            </results>
          </test-suite>
          <test-suite type="TestFixture" name="NSExpressionTest" executed="True" result="Success" success="True" time="0.024" asserts="160">
            <categories />
            <results>
              <test-case name="AggregatePropertiesTest" executed="True" result="Success" success="True" time="0.005" asserts="14">
                <categories />
              </test-case>
              <test-case name="AnyKeyPropertiesTest" executed="True" result="Success" success="True" time="0.001" asserts="14">
                <categories />
              </test-case>
              <test-case name="BlockPropertiesTest" executed="True" result="Success" success="True" time="0.004" asserts="14">
                <categories />
              </test-case>
              <test-case name="ConstantPropertiesTest" executed="True" result="Success" success="True" time="0.001" asserts="14">
                <categories />
              </test-case>
              <test-case name="EvaluatedObjectPropertiesTest" executed="True" result="Success" success="True" time="0.001" asserts="14">
                <categories />
              </test-case>
              <test-case name="FromConstant" executed="True" result="Success" success="True" time="0" asserts="1">
                <categories />
              </test-case>
              <test-case name="FromFormatConstant" executed="True" result="Success" success="True" time="0" asserts="1">
                <categories />
              </test-case>
              <test-case name="FromFormatWithArgsTest" executed="True" result="Success" success="True" time="0.001" asserts="1">
                <categories />
              </test-case>
              <test-case name="FromFormatWithNoArgsTest" executed="True" result="Success" success="True" time="0" asserts="1">
                <categories />
              </test-case>
              <test-case name="FromFunctionTest" executed="True" result="Success" success="True" time="0.001" asserts="1">
                <categories />
              </test-case>
              <test-case name="FromKeyPath" executed="True" result="Success" success="True" time="0" asserts="1">
                <categories />
              </test-case>
              <test-case name="FunctionPropertiesTest" executed="True" result="Success" success="True" time="0.001" asserts="14">
                <categories />
              </test-case>
              <test-case name="IntersectSetPropertiesTest" executed="True" result="Success" success="True" time="0.002" asserts="14">
                <categories />
              </test-case>
              <test-case name="KeyPathPropertiesTest" executed="True" result="Success" success="True" time="0.001" asserts="14">
                <categories />
              </test-case>
              <test-case name="MinusSetPropertiesTest" executed="True" result="Success" success="True" time="0.001" asserts="14">
                <categories />
              </test-case>
              <test-case name="UnionSetPropertiesTest" executed="True" result="Success" success="True" time="0.001" asserts="14">
                <categories />
              </test-case>
              <test-case name="VariablePropertiesTest" executed="True" result="Success" success="True" time="0.001" asserts="14">
                <categories />
              </test-case>
            </results>
          </test-suite>
          <test-suite type="TestFixture" name="NSFileManagerTest" executed="False" result="Ignored">
            <categories />
            <reason>
              <message><![CDATA[One or more child tests were ignored]]></message>
            </reason>
            <results>
              <test-case name="DefaultManager" executed="True" result="Success" success="True" time="0.003" asserts="1">
                <categories />
              </test-case>
              <test-case name="DocumentDirectory" executed="False" result="Ignored">
                <categories />
                <properties>
                  <property name="_SKIPREASON" value="DocumentsDirectory and MyDocuments point to different locations on mac" />
                </properties>
                <reason>
                  <message><![CDATA[DocumentsDirectory and MyDocuments point to different locations on mac]]></message>
                </reason>
              </test-case>
              <test-case name="GetSkipBackupAttribute" executed="True" result="Success" success="True" time="0.004" asserts="6">
                <categories />
              </test-case>
              <test-case name="GetUrlForUbiquityContainer" executed="True" result="Success" success="True" time="0.005" asserts="0">
                <categories />
              </test-case>
              <test-case name="LibraryDirectory" executed="True" result="Success" success="True" time="0.001" asserts="1">
                <categories />
              </test-case>
            </results>
          </test-suite>
          <test-suite type="TestFixture" name="NSInputStreamTest" executed="True" result="Success" success="True" time="0.003" asserts="19">
            <categories />
            <results>
              <test-case name="Data" executed="True" result="Success" success="True" time="0.001" asserts="1">
                <categories />
              </test-case>
              <test-case name="Path" executed="True" result="Success" success="True" time="0" asserts="1">
                <categories />
              </test-case>
              <test-case name="Read" executed="True" result="Success" success="True" time="0.001" asserts="15">
                <categories />
              </test-case>
              <test-case name="SubclassedCtor" executed="True" result="Success" success="True" time="0" asserts="1">
                <categories />
              </test-case>
              <test-case name="Url" executed="True" result="Success" success="True" time="0" asserts="1">
                <categories />
              </test-case>
            </results>
          </test-suite>
          <test-suite type="TestFixture" name="NSLayoutConstraintTest" executed="True" result="Success" success="True" time="0" asserts="0">
            <categories />
            <results />
          </test-suite>
          <test-suite type="TestFixture" name="NSLocaleTest" executed="True" result="Success" success="True" time="0" asserts="0">
            <categories />
            <results>
              <test-case name="GetNSObject_IntPtrZero" executed="True" result="Success" success="True" time="0" asserts="0">
                <categories />
              </test-case>
            </results>
          </test-suite>
          <test-suite type="TestFixture" name="NSMutableArray1Test" executed="True" result="Success" success="True" time="0.019" asserts="271">
            <categories />
            <results>
              <test-case name="AddObjectsTest" executed="True" result="Success" success="True" time="0.001" asserts="9">
                <categories />
              </test-case>
              <test-case name="AddTest" executed="True" result="Success" success="True" time="0.001" asserts="4">
                <categories />
              </test-case>
              <test-case name="ContainsTest" executed="True" result="Success" success="True" time="0.001" asserts="3">
                <categories />
              </test-case>
              <test-case name="Ctor" executed="True" result="Success" success="True" time="0" asserts="1">
                <categories />
              </test-case>
              <test-case name="Ctor_Capacity" executed="True" result="Success" success="True" time="0" asserts="1">
                <categories />
              </test-case>
              <test-case name="IEnumerable1Test" executed="True" result="Success" success="True" time="0.004" asserts="107">
                <categories />
              </test-case>
              <test-case name="IEnumerableTest" executed="True" result="Success" success="True" time="0.005" asserts="107">
                <categories />
              </test-case>
              <test-case name="IndexerTest" executed="True" result="Success" success="True" time="0.001" asserts="5">
                <categories />
              </test-case>
              <test-case name="IndexOfTest" executed="True" result="Success" success="True" time="0.001" asserts="3">
                <categories />
              </test-case>
              <test-case name="InsertObjectsTest" executed="True" result="Success" success="True" time="0.004" asserts="14">
                <categories />
              </test-case>
              <test-case name="InsertTest" executed="True" result="Success" success="True" time="0.001" asserts="8">
                <categories />
              </test-case>
              <test-case name="ReplaceObjectTest" executed="True" result="Success" success="True" time="0.001" asserts="9">
                <categories />
              </test-case>
            </results>
          </test-suite>
          <test-suite type="TestFixture" name="NSMutableDictionary2Test" executed="True" result="Success" success="True" time="0.023" asserts="166">
            <categories />
            <results>
              <test-case name="AddTest" executed="True" result="Success" success="True" time="0.001" asserts="8">
                <categories />
              </test-case>
              <test-case name="ContainsKeyTest" executed="True" result="Success" success="True" time="0.001" asserts="3">
                <categories />
              </test-case>
              <test-case name="Copy" executed="True" result="Success" success="True" time="0.001" asserts="9">
                <categories />
              </test-case>
              <test-case name="Ctor" executed="True" result="Success" success="True" time="0" asserts="1">
                <categories />
              </test-case>
              <test-case name="Ctor_NSDictionary" executed="True" result="Success" success="True" time="0.001" asserts="2">
                <categories />
              </test-case>
              <test-case name="Ctor_NSMutableDictionary" executed="True" result="Success" success="True" time="0" asserts="2">
                <categories />
              </test-case>
              <test-case name="FromObjectsAndKeysGenericTest" executed="True" result="Success" success="True" time="0.001" asserts="6">
                <categories />
              </test-case>
              <test-case name="ICollection2Test" executed="True" result="Success" success="True" time="0.004" asserts="28">
                <categories />
              </test-case>
              <test-case name="IDictionary2Test" executed="True" result="Success" success="True" time="0.003" asserts="42">
                <categories />
              </test-case>
              <test-case name="IEnumerable_KVP2Test" executed="True" result="Success" success="True" time="0" asserts="1">
                <categories />
              </test-case>
              <test-case name="IEnumerableTest" executed="True" result="Success" success="True" time="0.001" asserts="1">
                <categories />
              </test-case>
              <test-case name="IndexerTest" executed="True" result="Success" success="True" time="0.001" asserts="3">
                <categories />
              </test-case>
              <test-case name="InvalidType" executed="True" result="Success" success="True" time="0.002" asserts="7">
                <categories />
              </test-case>
              <test-case name="KeysForObjectTest" executed="True" result="Success" success="True" time="0.001" asserts="5">
                <categories />
              </test-case>
              <test-case name="KeysTest" executed="True" result="Success" success="True" time="0" asserts="2">
                <categories />
              </test-case>
              <test-case name="KeyValue_Autorelease" executed="True" result="Success" success="True" time="0.001" asserts="10">
                <categories />
              </test-case>
              <test-case name="MutableCopy" executed="True" result="Success" success="True" time="0.001" asserts="6">
                <categories />
              </test-case>
              <test-case name="ObjectForKeyTest" executed="True" result="Success" success="True" time="0" asserts="3">
                <categories />
              </test-case>
              <test-case name="ObjectsForKeysTest" executed="True" result="Success" success="True" time="0.001" asserts="6">
                <categories />
              </test-case>
              <test-case name="RemoveTest" executed="True" result="Success" success="True" time="0" asserts="4">
                <categories />
              </test-case>
              <test-case name="TryGetValueTest" executed="True" result="Success" success="True" time="0" asserts="4">
                <categories />
              </test-case>
              <test-case name="ValuesTest" executed="True" result="Success" success="True" time="0" asserts="2">
                <categories />
              </test-case>
              <test-case name="XForY_Autorelease" executed="True" result="Success" success="True" time="0.001" asserts="11">
                <categories />
              </test-case>
            </results>
          </test-suite>
          <test-suite type="TestFixture" name="NSMutableOrderedSet1Test" executed="True" result="Success" success="True" time="0.042" asserts="293">
            <categories />
            <results>
              <test-case name="AddObjectsTest" executed="True" result="Success" success="True" time="0.016" asserts="4">
                <categories />
              </test-case>
              <test-case name="AddTest" executed="True" result="Success" success="True" time="0.001" asserts="4">
                <categories />
              </test-case>
              <test-case name="AsSetTest" executed="True" result="Success" success="True" time="0.001" asserts="3">
                <categories />
              </test-case>
              <test-case name="Ctor" executed="True" result="Success" success="True" time="0" asserts="1">
                <categories />
              </test-case>
              <test-case name="Ctor_Capacity" executed="True" result="Success" success="True" time="0" asserts="1">
                <categories />
              </test-case>
              <test-case name="Ctor_NSMutableOrderedSet" executed="True" result="Success" success="True" time="0.001" asserts="1">
                <categories />
              </test-case>
              <test-case name="Ctor_NSOrderedSet" executed="True" result="Success" success="True" time="0.001" asserts="1">
                <categories />
              </test-case>
              <test-case name="Ctor_NSSet" executed="True" result="Success" success="True" time="0.001" asserts="1">
                <categories />
              </test-case>
              <test-case name="Ctor_Params" executed="True" result="Success" success="True" time="0" asserts="1">
                <categories />
              </test-case>
              <test-case name="Ctor_Start" executed="True" result="Success" success="True" time="0" asserts="1">
                <categories />
              </test-case>
              <test-case name="IEnumerable1Test" executed="True" result="Success" success="True" time="0.005" asserts="107">
                <categories />
              </test-case>
              <test-case name="IEnumerableTest" executed="True" result="Success" success="True" time="0.005" asserts="107">
                <categories />
              </test-case>
              <test-case name="IndexerTest" executed="True" result="Success" success="True" time="0.001" asserts="3">
                <categories />
              </test-case>
              <test-case name="InsertObjectsTest" executed="True" result="Success" success="True" time="0.001" asserts="7">
                <categories />
              </test-case>
              <test-case name="InsertTest" executed="True" result="Success" success="True" time="0" asserts="2">
                <categories />
              </test-case>
              <test-case name="OperatorAddTest" executed="True" result="Success" success="True" time="0.001" asserts="5">
                <categories />
              </test-case>
              <test-case name="OperatorAddTest2" executed="True" result="Success" success="True" time="0.001" asserts="5">
                <categories />
              </test-case>
              <test-case name="OperatorAddTest3" executed="True" result="Success" success="True" time="0.001" asserts="5">
                <categories />
              </test-case>
              <test-case name="OperatorPlusReferenceTest" executed="True" result="Success" success="True" time="0.001" asserts="2">
                <categories />
              </test-case>
              <test-case name="OperatorSubtractTest" executed="True" result="Success" success="True" time="0.001" asserts="5">
                <categories />
              </test-case>
              <test-case name="OperatorSubtractTest2" executed="True" result="Success" success="True" time="0.001" asserts="5">
                <categories />
              </test-case>
              <test-case name="OperatorSubtractTest3" executed="True" result="Success" success="True" time="0.001" asserts="5">
                <categories />
              </test-case>
              <test-case name="RemoveObjectsTest" executed="True" result="Success" success="True" time="0.001" asserts="5">
                <categories />
              </test-case>
              <test-case name="RemoveObjectTest" executed="True" result="Success" success="True" time="0.001" asserts="5">
                <categories />
              </test-case>
              <test-case name="ReplaceObjectsTest" executed="True" result="Success" success="True" time="0.001" asserts="5">
                <categories />
              </test-case>
              <test-case name="ReplaceTest" executed="True" result="Success" success="True" time="0.001" asserts="2">
                <categories />
              </test-case>
            </results>
          </test-suite>
          <test-suite type="TestFixture" name="NSMutableOrderedSetTest" executed="True" result="Success" success="True" time="0.003" asserts="15">
            <categories />
            <results>
              <test-case name="OperatorAddTest" executed="True" result="Success" success="True" time="0.001" asserts="4">
                <categories />
              </test-case>
              <test-case name="OperatorDifferentTest" executed="True" result="Success" success="True" time="0.001" asserts="2">
                <categories />
              </test-case>
              <test-case name="OperatorEqualTest" executed="True" result="Success" success="True" time="0" asserts="2">
                <categories />
              </test-case>
              <test-case name="OperatorPlusReferenceTest" executed="True" result="Success" success="True" time="0.001" asserts="2">
                <categories />
              </test-case>
              <test-case name="OperatorSubtractTest" executed="True" result="Success" success="True" time="0.001" asserts="5">
                <categories />
              </test-case>
            </results>
          </test-suite>
          <test-suite type="TestFixture" name="NSMutableSet1Test" executed="True" result="Success" success="True" time="0.02" asserts="255">
            <categories />
            <results>
              <test-case name="AddObjectsTest" executed="True" result="Success" success="True" time="0.002" asserts="9">
                <categories />
              </test-case>
              <test-case name="AddTest" executed="True" result="Success" success="True" time="0.001" asserts="3">
                <categories />
              </test-case>
              <test-case name="AnyObjectTest" executed="True" result="Success" success="True" time="0.001" asserts="2">
                <categories />
              </test-case>
              <test-case name="ContainsTest" executed="True" result="Success" success="True" time="0" asserts="3">
                <categories />
              </test-case>
              <test-case name="Ctor" executed="True" result="Success" success="True" time="0" asserts="1">
                <categories />
              </test-case>
              <test-case name="Ctor_OtherMutableSet" executed="True" result="Success" success="True" time="0" asserts="2">
                <categories />
              </test-case>
              <test-case name="Ctor_OtherSet" executed="True" result="Success" success="True" time="0" asserts="2">
                <categories />
              </test-case>
              <test-case name="Ctor_Params" executed="True" result="Success" success="True" time="0" asserts="2">
                <categories />
              </test-case>
              <test-case name="IEnumerable1Test" executed="True" result="Success" success="True" time="0.005" asserts="107">
                <categories />
              </test-case>
              <test-case name="IEnumerableTest" executed="True" result="Success" success="True" time="0.006" asserts="107">
                <categories />
              </test-case>
              <test-case name="LookupMemberTest" executed="True" result="Success" success="True" time="0.001" asserts="3">
                <categories />
              </test-case>
              <test-case name="OperatorAddTest" executed="True" result="Success" success="True" time="0.001" asserts="3">
                <categories />
              </test-case>
              <test-case name="OperatorPlusReferenceTest" executed="True" result="Success" success="True" time="0.001" asserts="2">
                <categories />
              </test-case>
              <test-case name="OperatorSubtractTest" executed="True" result="Success" success="True" time="0.001" asserts="2">
                <categories />
              </test-case>
              <test-case name="RemoveTest" executed="True" result="Success" success="True" time="0.001" asserts="5">
                <categories />
              </test-case>
              <test-case name="ToArrayTest" executed="True" result="Success" success="True" time="0.001" asserts="2">
                <categories />
              </test-case>
            </results>
          </test-suite>
          <test-suite type="TestFixture" name="NSMutableSetTest" executed="True" result="Success" success="True" time="0.002" asserts="11">
            <categories />
            <results>
              <test-case name="OperatorAddTest" executed="True" result="Success" success="True" time="0.001" asserts="4">
                <categories />
              </test-case>
              <test-case name="OperatorPlusReferenceTest" executed="True" result="Success" success="True" time="0.001" asserts="2">
                <categories />
              </test-case>
              <test-case name="OperatorSubtractTest" executed="True" result="Success" success="True" time="0.001" asserts="5">
                <categories />
              </test-case>
            </results>
          </test-suite>
          <test-suite type="TestFixture" name="NSObjectTest" executed="True" result="Success" success="True" time="0.977" asserts="47">
            <categories />
            <results>
              <test-case name="Copy" executed="True" result="Success" success="True" time="0.002" asserts="14">
                <categories />
              </test-case>
              <test-case name="Encode" executed="True" result="Success" success="True" time="0" asserts="2">
                <categories />
              </test-case>
              <test-case name="Equality" executed="True" result="Success" success="True" time="0" asserts="9">
                <categories />
              </test-case>
              <test-case name="FromObject_Handle" executed="True" result="Success" success="True" time="0.001" asserts="2">
                <categories />
              </test-case>
              <test-case name="FromObject_INativeObject" executed="True" result="Success" success="True" time="0.001" asserts="3">
                <categories />
              </test-case>
              <test-case name="FromObject_NativeTypes" executed="True" result="Success" success="True" time="0.001" asserts="3">
                <categories />
              </test-case>
              <test-case name="InvokeTest" executed="True" result="Success" success="True" time="0.965" asserts="1">
                <categories />
                <properties>
                  <property name="Timeout" value="5000" />
                </properties>
              </test-case>
              <test-case name="IsDirectBinding" executed="True" result="Success" success="True" time="0.002" asserts="2">
                <categories />
              </test-case>
              <test-case name="SubclassEquality" executed="True" result="Success" success="True" time="0.001" asserts="7">
                <categories />
              </test-case>
              <test-case name="SuperClass" executed="True" result="Success" success="True" time="0" asserts="3">
                <categories />
              </test-case>
              <test-case name="ValueForInvalidKeyTest" executed="True" result="Success" success="True" time="0.004" asserts="1">
                <categories />
              </test-case>
            </results>
          </test-suite>
          <test-suite type="TestFixture" name="NSOrderedSet1Test" executed="True" result="Success" success="True" time="0.021" asserts="262">
            <categories />
            <results>
              <test-case name="AsSetTest" executed="True" result="Success" success="True" time="0.001" asserts="3">
                <categories />
              </test-case>
              <test-case name="ContainsTest" executed="True" result="Success" success="True" time="0.001" asserts="3">
                <categories />
              </test-case>
              <test-case name="Ctor" executed="True" result="Success" success="True" time="0" asserts="1">
                <categories />
              </test-case>
              <test-case name="Ctor_NSMutableOrderedSet" executed="True" result="Success" success="True" time="0" asserts="1">
                <categories />
              </test-case>
              <test-case name="Ctor_NSOrderedSet" executed="True" result="Success" success="True" time="0" asserts="1">
                <categories />
              </test-case>
              <test-case name="Ctor_NSSet" executed="True" result="Success" success="True" time="0.001" asserts="1">
                <categories />
              </test-case>
              <test-case name="Ctor_Params" executed="True" result="Success" success="True" time="0" asserts="1">
                <categories />
              </test-case>
              <test-case name="Ctor_Start" executed="True" result="Success" success="True" time="0" asserts="1">
                <categories />
              </test-case>
              <test-case name="FirstObjectTest" executed="True" result="Success" success="True" time="0" asserts="2">
                <categories />
              </test-case>
              <test-case name="IEnumerable1Test" executed="True" result="Success" success="True" time="0.006" asserts="107">
                <categories />
              </test-case>
              <test-case name="IEnumerableTest" executed="True" result="Success" success="True" time="0.005" asserts="107">
                <categories />
              </test-case>
              <test-case name="IndexerTest" executed="True" result="Success" success="True" time="0" asserts="2">
                <categories />
              </test-case>
              <test-case name="IndexOfTest" executed="True" result="Success" success="True" time="0" asserts="2">
                <categories />
              </test-case>
              <test-case name="LastObjectTest" executed="True" result="Success" success="True" time="0" asserts="2">
                <categories />
              </test-case>
              <test-case name="OperatorAddTest" executed="True" result="Success" success="True" time="0.001" asserts="5">
                <categories />
              </test-case>
              <test-case name="OperatorAddTest2" executed="True" result="Success" success="True" time="0.001" asserts="5">
                <categories />
              </test-case>
              <test-case name="OperatorDifferentTest" executed="True" result="Success" success="True" time="0.001" asserts="2">
                <categories />
              </test-case>
              <test-case name="OperatorEqualTest" executed="True" result="Success" success="True" time="0" asserts="2">
                <categories />
              </test-case>
              <test-case name="OperatorPlusReferenceTest" executed="True" result="Success" success="True" time="0.001" asserts="2">
                <categories />
              </test-case>
              <test-case name="OperatorSubtractTest" executed="True" result="Success" success="True" time="0.001" asserts="5">
                <categories />
              </test-case>
              <test-case name="OperatorSubtractTest2" executed="True" result="Success" success="True" time="0.001" asserts="5">
                <categories />
              </test-case>
              <test-case name="ToArrayTest" executed="True" result="Success" success="True" time="0" asserts="2">
                <categories />
              </test-case>
            </results>
          </test-suite>
          <test-suite type="TestFixture" name="NSOrderedSetTest" executed="True" result="Success" success="True" time="0.005" asserts="33">
            <categories />
            <results>
              <test-case name="OperatorAddTest" executed="True" result="Success" success="True" time="0.001" asserts="4">
                <categories />
              </test-case>
              <test-case name="OperatorAddTest2" executed="True" result="Success" success="True" time="0.001" asserts="4">
                <categories />
              </test-case>
              <test-case name="OperatorAddTest3" executed="True" result="Success" success="True" time="0" asserts="4">
                <categories />
              </test-case>
              <test-case name="OperatorDifferentTest" executed="True" result="Success" success="True" time="0" asserts="2">
                <categories />
              </test-case>
              <test-case name="OperatorEqualTest" executed="True" result="Success" success="True" time="0" asserts="2">
                <categories />
              </test-case>
              <test-case name="OperatorPlusReferenceTest" executed="True" result="Success" success="True" time="0.001" asserts="2">
                <categories />
              </test-case>
              <test-case name="OperatorSubtractTest" executed="True" result="Success" success="True" time="0.001" asserts="5">
                <categories />
              </test-case>
              <test-case name="OperatorSubtractTest2" executed="True" result="Success" success="True" time="0.001" asserts="5">
                <categories />
              </test-case>
              <test-case name="OperatorSubtractTest3" executed="True" result="Success" success="True" time="0.001" asserts="5">
                <categories />
              </test-case>
            </results>
          </test-suite>
          <test-suite type="TestFixture" name="NSSet1Test" executed="True" result="Success" success="True" time="0.017" asserts="238">
            <categories />
            <results>
              <test-case name="AnyObjectTest" executed="True" result="Success" success="True" time="0.001" asserts="2">
                <categories />
              </test-case>
              <test-case name="ContainsTest" executed="True" result="Success" success="True" time="0" asserts="3">
                <categories />
              </test-case>
              <test-case name="Ctor" executed="True" result="Success" success="True" time="0" asserts="1">
                <categories />
              </test-case>
              <test-case name="Ctor_OtherMutableSet" executed="True" result="Success" success="True" time="0" asserts="2">
                <categories />
              </test-case>
              <test-case name="Ctor_OtherSet" executed="True" result="Success" success="True" time="0" asserts="2">
                <categories />
              </test-case>
              <test-case name="Ctor_Params" executed="True" result="Success" success="True" time="0" asserts="2">
                <categories />
              </test-case>
              <test-case name="IEnumerable1Test" executed="True" result="Success" success="True" time="0.005" asserts="107">
                <categories />
              </test-case>
              <test-case name="IEnumerableTest" executed="True" result="Success" success="True" time="0.006" asserts="107">
                <categories />
              </test-case>
              <test-case name="LookupMemberTest" executed="True" result="Success" success="True" time="0" asserts="3">
                <categories />
              </test-case>
              <test-case name="OperatorAddTest" executed="True" result="Success" success="True" time="0.001" asserts="3">
                <categories />
              </test-case>
              <test-case name="OperatorPlusReferenceTest" executed="True" result="Success" success="True" time="0.001" asserts="2">
                <categories />
              </test-case>
              <test-case name="OperatorSubtractTest" executed="True" result="Success" success="True" time="0.001" asserts="2">
                <categories />
              </test-case>
              <test-case name="ToArrayTest" executed="True" result="Success" success="True" time="0" asserts="2">
                <categories />
              </test-case>
            </results>
          </test-suite>
          <test-suite type="TestFixture" name="NSSetTest" executed="True" result="Success" success="True" time="0.006" asserts="37">
            <categories />
            <results>
              <test-case name="OperatorAddTest" executed="True" result="Success" success="True" time="0.001" asserts="4">
                <categories />
              </test-case>
              <test-case name="OperatorAddTest2" executed="True" result="Success" success="True" time="0.001" asserts="4">
                <categories />
              </test-case>
              <test-case name="OperatorPlus" executed="True" result="Success" success="True" time="0.002" asserts="13">
                <categories />
              </test-case>
              <test-case name="OperatorPlusReferenceTest" executed="True" result="Success" success="True" time="0.001" asserts="2">
                <categories />
              </test-case>
              <test-case name="OperatorSubtractTest" executed="True" result="Success" success="True" time="0.001" asserts="5">
                <categories />
              </test-case>
              <test-case name="OperatorSubtractTest2" executed="True" result="Success" success="True" time="0.001" asserts="5">
                <categories />
              </test-case>
              <test-case name="SetCtors" executed="True" result="Success" success="True" time="0.001" asserts="4">
                <categories />
              </test-case>
            </results>
          </test-suite>
          <test-suite type="TestFixture" name="NSTimeZoneTest" executed="True" result="Success" success="True" time="0.14" asserts="441">
            <categories />
            <results>
              <test-case name="AbbreviationsTest" executed="True" result="Success" success="True" time="0" asserts="1">
                <categories />
              </test-case>
              <test-case name="AbbreviationTest" executed="True" result="Success" success="True" time="0" asserts="1">
                <categories />
              </test-case>
              <test-case name="All_28300" executed="True" result="Success" success="True" time="0.139" asserts="438">
                <categories />
              </test-case>
              <test-case name="KnownTimeZoneNames" executed="True" result="Success" success="True" time="0" asserts="1">
                <categories />
              </test-case>
            </results>
          </test-suite>
          <test-suite type="TestFixture" name="NSUbiquitousKeyValueStoreTest" executed="True" result="Success" success="True" time="0" asserts="0">
            <categories />
            <results />
          </test-suite>
          <test-suite type="TestFixture" name="NumberTest" executed="True" result="Success" success="True" time="0.003" asserts="14">
            <categories />
            <results>
              <test-case name="CompareTo" executed="True" result="Success" success="True" time="0.001" asserts="9">
                <categories />
              </test-case>
              <test-case name="CtorNSCoder" executed="True" result="Success" success="True" time="0.001" asserts="1">
                <categories />
              </test-case>
              <test-case name="Equals" executed="True" result="Success" success="True" time="0.001" asserts="3">
                <categories />
              </test-case>
              <test-case name="Singleton" executed="True" result="Success" success="True" time="0" asserts="1">
                <categories />
              </test-case>
            </results>
          </test-suite>
          <test-suite type="TestFixture" name="OperationQueueTest" executed="True" result="Success" success="True" time="0.003" asserts="4">
            <categories />
            <results>
              <test-case name="Add_NSAction_Null" executed="True" result="Success" success="True" time="0.002" asserts="0">
                <categories />
              </test-case>
              <test-case name="Add_NSOperation_Null" executed="True" result="Success" success="True" time="0" asserts="2">
                <categories />
              </test-case>
              <test-case name="Add_NSOperations_Null" executed="True" result="Success" success="True" time="0" asserts="2">
                <categories />
              </test-case>
            </results>
          </test-suite>
          <test-suite type="TestFixture" name="OutputStreamTest" executed="True" result="Success" success="True" time="0.002" asserts="12">
            <categories />
            <results>
              <test-case name="Memory" executed="True" result="Success" success="True" time="0" asserts="1">
                <categories />
              </test-case>
              <test-case name="Path" executed="True" result="Success" success="True" time="0" asserts="1">
                <categories />
              </test-case>
              <test-case name="Write" executed="True" result="Success" success="True" time="0.001" asserts="10">
                <categories />
              </test-case>
            </results>
          </test-suite>
          <test-suite type="TestFixture" name="ProtocolAttributeTest" executed="True" result="Success" success="True" time="0.02" asserts="0">
            <categories />
            <results>
              <test-case name="ModelMustBeProtocol" executed="True" result="Success" success="True" time="0.02" asserts="0">
                <categories />
              </test-case>
            </results>
          </test-suite>
          <test-suite type="TestFixture" name="StringTest" executed="True" result="Success" success="True" time="0.016" asserts="30">
            <categories />
            <results>
              <test-case name="Compare" executed="True" result="Success" success="True" time="0.001" asserts="3">
                <categories />
              </test-case>
              <test-case name="Compare_Locale" executed="True" result="Success" success="True" time="0.001" asserts="2">
                <categories />
              </test-case>
              <test-case name="Compare_Null" executed="True" result="Success" success="True" time="0" asserts="0">
                <categories />
              </test-case>
              <test-case name="Compare_Options" executed="True" result="Success" success="True" time="0" asserts="1">
                <categories />
              </test-case>
              <test-case name="Compare_Range" executed="True" result="Success" success="True" time="0.001" asserts="1">
                <categories />
              </test-case>
              <test-case name="DrawingExtensions" executed="True" result="Success" success="True" time="0.008" asserts="6">
                <categories />
              </test-case>
              <test-case name="Equality" executed="True" result="Success" success="True" time="0" asserts="6">
                <categories />
              </test-case>
              <test-case name="FromData" executed="True" result="Success" success="True" time="0.003" asserts="2">
                <categories />
              </test-case>
              <test-case name="PathExtensions" executed="True" result="Success" success="True" time="0.001" asserts="6">
                <categories />
              </test-case>
              <test-case name="ReleaseEmptyString" executed="True" result="Success" success="True" time="0" asserts="2">
                <categories />
              </test-case>
              <test-case name="Replace_Range" executed="True" result="Success" success="True" time="0.001" asserts="1">
                <categories />
              </test-case>
            </results>
          </test-suite>
          <test-suite type="TestFixture" name="ThreadTest" executed="True" result="Success" success="True" time="0.015" asserts="4">
            <categories />
            <results>
              <test-case name="GetEntryAssemblyReturnsOk" executed="True" result="Success" success="True" time="0" asserts="1">
                <categories />
              </test-case>
              <test-case name="InitWithDataTest" executed="True" result="Success" success="True" time="0.014" asserts="1">
                <categories />
              </test-case>
              <test-case name="MainThread" executed="True" result="Success" success="True" time="0.001" asserts="2">
                <categories />
              </test-case>
            </results>
          </test-suite>
          <test-suite type="TestFixture" name="TimerTest" executed="True" result="Success" success="True" time="0.307" asserts="3">
            <categories />
            <results>
              <test-case name="Bug17793" executed="True" result="Success" success="True" time="0.204" asserts="1">
                <categories />
              </test-case>
              <test-case name="CreateTimer_NewSignature" executed="True" result="Success" success="True" time="0.103" asserts="2">
                <categories />
              </test-case>
            </results>
          </test-suite>
          <test-suite type="TestFixture" name="UrlConnectionTest" executed="True" result="Success" success="True" time="0.002" asserts="0">
            <categories />
            <results>
              <test-case name="StartCancel" executed="True" result="Success" success="True" time="0.002" asserts="0">
                <categories />
              </test-case>
            </results>
          </test-suite>
          <test-suite type="TestFixture" name="UrlCredentialTest" executed="True" result="Success" success="True" time="0.009" asserts="12">
            <categories />
            <results>
              <test-case name="Ctor_Trust" executed="True" result="Success" success="True" time="0.008" asserts="6">
                <categories />
              </test-case>
              <test-case name="FromTrust" executed="True" result="Success" success="True" time="0.001" asserts="6">
                <categories />
              </test-case>
            </results>
          </test-suite>
          <test-suite type="TestFixture" name="UrlProtectionSpaceTest" executed="True" result="Success" success="True" time="0.006" asserts="40">
            <categories />
            <results>
              <test-case name="Http" executed="True" result="Success" success="True" time="0.004" asserts="10">
                <categories />
              </test-case>
              <test-case name="HttpProxy" executed="True" result="Success" success="True" time="0.001" asserts="10">
                <categories />
              </test-case>
              <test-case name="HttpProxy_Proxy" executed="True" result="Success" success="True" time="0.001" asserts="10">
                <categories />
              </test-case>
              <test-case name="Https" executed="True" result="Success" success="True" time="0.001" asserts="10">
                <categories />
              </test-case>
            </results>
          </test-suite>
          <test-suite type="TestFixture" name="UrlProtocolTest" executed="True" result="Success" success="True" time="0.001" asserts="1">
            <categories />
            <results>
              <test-case name="Registration" executed="True" result="Success" success="True" time="0" asserts="1">
                <categories />
              </test-case>
            </results>
          </test-suite>
          <test-suite type="TestFixture" name="UrlRequestTest" executed="True" result="Success" success="True" time="0.002" asserts="10">
            <categories />
            <results>
              <test-case name="Mutability_30744" executed="True" result="Success" success="True" time="0.002" asserts="10">
                <categories />
              </test-case>
            </results>
          </test-suite>
          <test-suite type="TestFixture" name="UrlSessionConfigurationTest" executed="True" result="Success" success="True" time="0.011" asserts="22">
            <categories />
            <results>
              <test-case name="BackgroundSessionConfiguration" executed="True" result="Success" success="True" time="0.001" asserts="1">
                <categories />
              </test-case>
              <test-case name="Default_Properties" executed="True" result="Success" success="True" time="0.01" asserts="21">
                <categories />
              </test-case>
            </results>
          </test-suite>
          <test-suite type="TestFixture" name="UrlSessionTaskMetricsTest" executed="True" result="Success" success="True" time="0.005" asserts="3">
            <categories />
            <results>
              <test-case name="Properties" executed="True" result="Success" success="True" time="0.005" asserts="3">
                <categories />
              </test-case>
            </results>
          </test-suite>
          <test-suite type="TestFixture" name="UrlSessionTaskTest" executed="True" result="Success" success="True" time="0.016" asserts="51">
            <categories />
            <results>
              <test-case name="NSUrlSessionDataTaskTest" executed="True" result="Success" success="True" time="0.003" asserts="12">
                <categories />
              </test-case>
              <test-case name="NSUrlSessionDownloadTaskTest" executed="True" result="Success" success="True" time="0.007" asserts="12">
                <categories />
              </test-case>
              <test-case name="NSUrlSessionUploadTaskTest" executed="True" result="Success" success="True" time="0.004" asserts="15">
                <categories />
              </test-case>
              <test-case name="Properties" executed="True" result="Success" success="True" time="0.002" asserts="12">
                <categories />
              </test-case>
            </results>
          </test-suite>
          <test-suite type="TestFixture" name="UrlSessionTaskTransactionMetricsTest" executed="True" result="Success" success="True" time="0.003" asserts="17">
            <categories />
            <results>
              <test-case name="Properties" executed="True" result="Success" success="True" time="0.003" asserts="17">
                <categories />
              </test-case>
            </results>
          </test-suite>
          <test-suite type="TestFixture" name="UrlSessionTest" executed="True" result="Success" success="True" time="30.008" asserts="6">
            <categories />
            <results>
              <test-case name="DownloadDataAsync" executed="True" result="Success" success="True" time="30.007" asserts="2">
                <categories />
              </test-case>
              <test-case name="SharedSession" executed="True" result="Success" success="True" time="0.001" asserts="4">
                <categories />
              </test-case>
            </results>
          </test-suite>
          <test-suite type="TestFixture" name="UrlTest" executed="True" result="Success" success="True" time="0.011" asserts="57">
            <categories />
            <results>
              <test-case name="Bug13069" executed="True" result="Success" success="True" time="0.001" asserts="3">
                <categories />
              </test-case>
              <test-case name="Copy" executed="True" result="Success" success="True" time="0" asserts="1">
                <categories />
              </test-case>
              <test-case name="Ctor_string" executed="True" result="Success" success="True" time="0" asserts="2">
                <categories />
              </test-case>
              <test-case name="Equals" executed="True" result="Success" success="True" time="0.001" asserts="8">
                <categories />
              </test-case>
              <test-case name="Fields" executed="True" result="Success" success="True" time="0" asserts="1">
                <categories />
              </test-case>
              <test-case name="FromString" executed="True" result="Success" success="True" time="0" asserts="5">
                <categories />
              </test-case>
              <test-case name="InitWithSpaces" executed="True" result="Success" success="True" time="0" asserts="2">
                <categories />
              </test-case>
              <test-case name="Invalid_29510" executed="True" result="Success" success="True" time="0.001" asserts="2">
                <categories />
              </test-case>
              <test-case name="IsExcludedFromBackupKey" executed="True" result="Success" success="True" time="0.002" asserts="10">
                <categories />
              </test-case>
              <test-case name="MutableCopy" executed="True" result="Success" success="True" time="0" asserts="1">
                <categories />
              </test-case>
              <test-case name="SubclassEquality" executed="True" result="Success" success="True" time="0.002" asserts="11">
                <categories />
              </test-case>
              <test-case name="TestEqualOperator" executed="True" result="Success" success="True" time="0" asserts="1">
                <categories />
              </test-case>
              <test-case name="TestEqualOperatorNull" executed="True" result="Success" success="True" time="0" asserts="2">
                <categories />
              </test-case>
              <test-case name="TestEqualOperatorSameInstace" executed="True" result="Success" success="True" time="0" asserts="1">
                <categories />
              </test-case>
              <test-case name="TestNotEqualOperator" executed="True" result="Success" success="True" time="0" asserts="1">
                <categories />
              </test-case>
              <test-case name="TestNotEqualOperatorNull" executed="True" result="Success" success="True" time="0" asserts="2">
                <categories />
              </test-case>
              <test-case name="Unicode_6597" executed="True" result="Success" success="True" time="0" asserts="4">
                <categories />
              </test-case>
            </results>
          </test-suite>
          <test-suite type="TestFixture" name="UserDefaultsTest" executed="True" result="Success" success="True" time="0.004" asserts="7">
            <categories />
            <results>
              <test-case name="Ctor_SuiteName" executed="True" result="Success" success="True" time="0" asserts="1">
                <categories />
              </test-case>
              <test-case name="Ctor_UserName" executed="True" result="Success" success="True" time="0.003" asserts="4">
                <categories />
              </test-case>
              <test-case name="SetString" executed="True" result="Success" success="True" time="0.001" asserts="2">
                <categories />
              </test-case>
            </results>
          </test-suite>
          <test-suite type="TestFixture" name="UuidTest" executed="True" result="Success" success="True" time="0.002" asserts="18">
            <categories />
            <results>
              <test-case name="ConstructorFailures" executed="True" result="Success" success="True" time="0.001" asserts="0">
                <categories />
              </test-case>
              <test-case name="Constructors" executed="True" result="Success" success="True" time="0" asserts="18">
                <categories />
              </test-case>
            </results>
          </test-suite>
          <test-suite type="TestFixture" name="ZoneTest" executed="True" result="Success" success="True" time="0.001" asserts="2">
            <categories />
            <results>
              <test-case name="Default" executed="True" result="Success" success="True" time="0" asserts="2">
                <categories />
              </test-case>
            </results>
          </test-suite>
          <test-suite type="TestFixture" name="AnchoredObjectQueryTest" executed="True" result="Success" success="True" time="0.006" asserts="1">
            <categories />
            <results>
              <test-case name="NoAnchor" executed="True" result="Success" success="True" time="0.006" asserts="1">
                <categories />
              </test-case>
            </results>
          </test-suite>
          <test-suite type="TestFixture" name="CategoryTypeIdentifier" executed="True" result="Success" success="True" time="0.002" asserts="8">
            <categories />
            <results>
              <test-case name="EnumValues_22351" executed="True" result="Success" success="True" time="0.002" asserts="8">
                <categories />
              </test-case>
            </results>
          </test-suite>
          <test-suite type="TestFixture" name="ErrorTest" executed="True" result="Success" success="True" time="0.001" asserts="1">
            <categories />
            <results>
              <test-case name="Domain" executed="True" result="Success" success="True" time="0.001" asserts="1">
                <categories />
              </test-case>
            </results>
          </test-suite>
          <test-suite type="TestFixture" name="ObjectTypeTest" executed="True" result="Success" success="True" time="0.001" asserts="1">
            <categories />
            <results>
              <test-case name="Workout" executed="True" result="Success" success="True" time="0.001" asserts="1">
                <categories />
              </test-case>
            </results>
          </test-suite>
          <test-suite type="TestFixture" name="QuantityTypeIdentifier" executed="True" result="Success" success="True" time="0.011" asserts="73">
            <categories />
            <results>
              <test-case name="EnumValues_22351" executed="True" result="Success" success="True" time="0.011" asserts="73">
                <categories />
              </test-case>
            </results>
          </test-suite>
          <test-suite type="TestFixture" name="CGImageSourceTest" executed="True" result="Success" success="True" time="0.028" asserts="25">
            <categories />
            <results>
              <test-case name="CopyMetadata" executed="True" result="Success" success="True" time="0.015" asserts="0">
                <categories />
              </test-case>
              <test-case name="CopyProperties" executed="True" result="Success" success="True" time="0.001" asserts="3">
                <categories />
              </test-case>
              <test-case name="CreateImageTest" executed="True" result="Success" success="True" time="0.001" asserts="2">
                <categories />
              </test-case>
              <test-case name="CreateIncrementalTest" executed="True" result="Success" success="True" time="0" asserts="2">
                <categories />
              </test-case>
              <test-case name="CreateThumbnailTest" executed="True" result="Success" success="True" time="0.001" asserts="2">
                <categories />
              </test-case>
              <test-case name="FromDataProviderTest" executed="True" result="Success" success="True" time="0.001" asserts="3">
                <categories />
              </test-case>
              <test-case name="FromDataTest" executed="True" result="Success" success="True" time="0.001" asserts="3">
                <categories />
              </test-case>
              <test-case name="FromUrlTest" executed="True" result="Success" success="True" time="0.001" asserts="3">
                <categories />
              </test-case>
              <test-case name="GetProperties" executed="True" result="Success" success="True" time="0.006" asserts="7">
                <categories />
              </test-case>
              <test-case name="RemoveCache" executed="True" result="Success" success="True" time="0" asserts="0">
                <categories />
              </test-case>
            </results>
          </test-suite>
          <test-suite type="TestFixture" name="ImageDestinationTest" executed="True" result="Success" success="True" time="0.011" asserts="12">
            <categories />
            <results>
              <test-case name="AddImage" executed="True" result="Success" success="True" time="0.004" asserts="0">
                <categories />
              </test-case>
              <test-case name="AddImageAndMetadata" executed="True" result="Success" success="True" time="0.001" asserts="0">
                <categories />
              </test-case>
              <test-case name="CopyImageSource" executed="True" result="Success" success="True" time="0.002" asserts="2">
                <categories />
              </test-case>
              <test-case name="Create_DataConsumer_BadUTI" executed="True" result="Success" success="True" time="0.001" asserts="2">
                <categories />
              </test-case>
              <test-case name="Create_DataConsumer_GoodUTI" executed="True" result="Success" success="True" time="0" asserts="2">
                <categories />
              </test-case>
              <test-case name="FromData_BadITU" executed="True" result="Success" success="True" time="0" asserts="2">
                <categories />
              </test-case>
              <test-case name="FromData_GoodITU" executed="True" result="Success" success="True" time="0" asserts="2">
                <categories />
              </test-case>
              <test-case name="FromUrl_BadITU" executed="True" result="Success" success="True" time="0" asserts="1">
                <categories />
              </test-case>
              <test-case name="TypeIdentifiers" executed="True" result="Success" success="True" time="0" asserts="1">
                <categories />
              </test-case>
            </results>
          </test-suite>
          <test-suite type="TestFixture" name="ImageMetadataTagTest" executed="True" result="Success" success="True" time="0.006" asserts="41">
            <categories />
            <results>
              <test-case name="Ctor_Bool_False" executed="True" result="Success" success="True" time="0.002" asserts="7">
                <categories />
              </test-case>
              <test-case name="Ctor_Bool_True" executed="True" result="Success" success="True" time="0" asserts="7">
                <categories />
              </test-case>
              <test-case name="Ctor_NSArray" executed="True" result="Success" success="True" time="0.001" asserts="6">
                <categories />
              </test-case>
              <test-case name="Ctor_NSDictionary" executed="True" result="Success" success="True" time="0.001" asserts="6">
                <categories />
              </test-case>
              <test-case name="Ctor_NSNumber" executed="True" result="Success" success="True" time="0" asserts="6">
                <categories />
              </test-case>
              <test-case name="Ctor_NSString" executed="True" result="Success" success="True" time="0" asserts="6">
                <categories />
              </test-case>
              <test-case name="Ctor_Null" executed="True" result="Success" success="True" time="0" asserts="3">
                <categories />
              </test-case>
            </results>
          </test-suite>
          <test-suite type="TestFixture" name="ImageMetadataTest" executed="True" result="Success" success="True" time="0.003" asserts="2">
            <categories />
            <results>
              <test-case name="Defaults" executed="True" result="Success" success="True" time="0.003" asserts="2">
                <categories />
              </test-case>
            </results>
          </test-suite>
          <test-suite type="TestFixture" name="ImagePropertiesTest" executed="True" result="Success" success="True" time="0.002" asserts="12">
            <categories />
            <results>
              <test-case name="CameraMaker" executed="True" result="Success" success="True" time="0.001" asserts="6">
                <categories />
              </test-case>
              <test-case name="Exif43Fields" executed="True" result="Success" success="True" time="0.001" asserts="6">
                <categories />
              </test-case>
            </results>
          </test-suite>
          <test-suite type="TestFixture" name="MutableImageMetadataTest" executed="True" result="Success" success="True" time="0.003" asserts="7">
            <categories />
            <results>
              <test-case name="Defaults" executed="True" result="Success" success="True" time="0.002" asserts="7">
                <categories />
              </test-case>
            </results>
          </test-suite>
          <test-suite type="TestFixture" name="INIntentResolutionResultTests" executed="True" result="Success" success="True" time="0.033" asserts="177">
            <categories />
            <results>
              <test-case name="INBillPayeeResolutionResultPropertyTest" executed="True" result="Success" success="True" time="0.004" asserts="6">
                <categories />
              </test-case>
              <test-case name="INBillTypeResolutionResultPropertyTest" executed="True" result="Success" success="True" time="0.001" asserts="6">
                <categories />
              </test-case>
              <test-case name="INBooleanResolutionResultPropertyTest" executed="True" result="Success" success="True" time="0.001" asserts="6">
                <categories />
              </test-case>
              <test-case name="INCallRecordTypeResolutionResultPropertyTest" executed="True" result="Success" success="True" time="0.001" asserts="6">
                <categories />
              </test-case>
              <test-case name="INCarAirCirculationModeResolutionResultPropertyTest" executed="True" result="Success" success="True" time="0.002" asserts="6">
                <categories />
              </test-case>
              <test-case name="INCarAudioSourceResolutionResultPropertyTest" executed="True" result="Success" success="True" time="0.001" asserts="6">
                <categories />
              </test-case>
              <test-case name="INCarDefrosterResolutionResultPropertyTest" executed="True" result="Success" success="True" time="0.001" asserts="6">
                <categories />
              </test-case>
              <test-case name="INCarSeatResolutionResultPropertyTest" executed="True" result="Success" success="True" time="0.001" asserts="6">
                <categories />
              </test-case>
              <test-case name="INCarSignalOptionsResolutionResultPropertyTest" executed="True" result="Success" success="True" time="0.001" asserts="6">
                <categories />
              </test-case>
              <test-case name="INCurrencyAmountResolutionResultPropertyTest" executed="True" result="Success" success="True" time="0.001" asserts="6">
                <categories />
              </test-case>
              <test-case name="INDateComponentsRangeResolutionResultPropertyTest" executed="True" result="Success" success="True" time="0.001" asserts="6">
                <categories />
              </test-case>
              <test-case name="INDateComponentsResolutionResultPropertyTest" executed="True" result="Success" success="True" time="0.001" asserts="6">
                <categories />
              </test-case>
              <test-case name="INDoubleResolutionResultPropertyTest" executed="True" result="Success" success="True" time="0.001" asserts="6">
                <categories />
              </test-case>
              <test-case name="INIntegerResolutionResultPropertyTest" executed="True" result="Success" success="True" time="0.001" asserts="6">
                <categories />
              </test-case>
              <test-case name="INIntentResolutionResultIsAbstractTest" executed="True" result="Success" success="True" time="0" asserts="3">
                <categories />
              </test-case>
              <test-case name="INMessageAttributeOptionsResolutionResultPropertyTest" executed="True" result="Success" success="True" time="0.001" asserts="6">
                <categories />
              </test-case>
              <test-case name="INMessageAttributeResolutionResultPropertyTest" executed="True" result="Success" success="True" time="0.001" asserts="6">
                <categories />
              </test-case>
              <test-case name="INPaymentAccountResolutionResultPropertyTest" executed="True" result="Success" success="True" time="0.001" asserts="6">
                <categories />
              </test-case>
              <test-case name="INPaymentAmountResolutionResultPropertyTest" executed="True" result="Success" success="True" time="0.001" asserts="6">
                <categories />
              </test-case>
              <test-case name="INPaymentStatusResolutionResultPropertyTest" executed="True" result="Success" success="True" time="0.001" asserts="6">
                <categories />
              </test-case>
              <test-case name="INPersonResolutionResultPropertyTest" executed="True" result="Success" success="True" time="0.001" asserts="6">
                <categories />
              </test-case>
              <test-case name="INPlacemarkResolutionResultPropertyTest" executed="True" result="Success" success="True" time="0.001" asserts="6">
                <categories />
              </test-case>
              <test-case name="INRadioTypeResolutionResultPropertyTest" executed="True" result="Success" success="True" time="0.001" asserts="6">
                <categories />
              </test-case>
              <test-case name="INRelativeReferenceResolutionResultPropertyTest" executed="True" result="Success" success="True" time="0.001" asserts="6">
                <categories />
              </test-case>
              <test-case name="INRelativeSettingResolutionResultPropertyTest" executed="True" result="Success" success="True" time="0.001" asserts="6">
                <categories />
              </test-case>
              <test-case name="INSpeakableStringResolutionResultPropertyTest" executed="True" result="Success" success="True" time="0.001" asserts="6">
                <categories />
              </test-case>
              <test-case name="INStringResolutionResultPropertyTest" executed="True" result="Success" success="True" time="0.001" asserts="6">
                <categories />
              </test-case>
              <test-case name="INTemperatureResolutionResultPropertyTest" executed="True" result="Success" success="True" time="0.001" asserts="6">
                <categories />
              </test-case>
              <test-case name="INWorkoutGoalUnitTypeResolutionResultPropertyTest" executed="True" result="Success" success="True" time="0.001" asserts="6">
                <categories />
              </test-case>
              <test-case name="INWorkoutLocationTypeResolutionResultPropertyTest" executed="True" result="Success" success="True" time="0.001" asserts="6">
                <categories />
              </test-case>
            </results>
          </test-suite>
          <test-suite type="TestFixture" name="GeometryTest" executed="True" result="Success" success="True" time="0.005" asserts="21">
            <categories />
            <results>
              <test-case name="MapPointsPerMeterAtLatitude" executed="True" result="Success" success="True" time="0.004" asserts="8">
                <categories />
              </test-case>
              <test-case name="MetersBetweenMapPoints" executed="True" result="Success" success="True" time="0" asserts="5">
                <categories />
              </test-case>
              <test-case name="MetersPerMapPointAtLatitude" executed="True" result="Success" success="True" time="0" asserts="8">
                <categories />
              </test-case>
            </results>
          </test-suite>
          <test-suite type="TestFixture" name="MapRectTest" executed="True" result="Success" success="True" time="0.004" asserts="28">
            <categories />
            <results>
              <test-case name="ContainsPoint" executed="True" result="Success" success="True" time="0" asserts="1">
                <categories />
              </test-case>
              <test-case name="ContainsRect" executed="True" result="Success" success="True" time="0" asserts="1">
                <categories />
              </test-case>
              <test-case name="Defaults" executed="True" result="Success" success="True" time="0.001" asserts="8">
                <categories />
              </test-case>
              <test-case name="Divide" executed="True" result="Success" success="True" time="0" asserts="2">
                <categories />
              </test-case>
              <test-case name="Inset" executed="True" result="Success" success="True" time="0" asserts="2">
                <categories />
              </test-case>
              <test-case name="Intersection" executed="True" result="Success" success="True" time="0" asserts="4">
                <categories />
              </test-case>
              <test-case name="NullRect" executed="True" result="Success" success="True" time="0" asserts="2">
                <categories />
              </test-case>
              <test-case name="Offset" executed="True" result="Success" success="True" time="0" asserts="2">
                <categories />
              </test-case>
              <test-case name="Remainder" executed="True" result="Success" success="True" time="0" asserts="4">
                <categories />
              </test-case>
              <test-case name="Union" executed="True" result="Success" success="True" time="0" asserts="2">
                <categories />
              </test-case>
            </results>
          </test-suite>
          <test-suite type="TestFixture" name="UTTypeTest" executed="True" result="Success" success="True" time="0.064" asserts="582">
            <categories />
            <results>
              <test-case name="CreatePreferredIdentifier" executed="True" result="Success" success="True" time="0.054" asserts="500">
                <categories />
              </test-case>
              <test-case name="GetDeclaration" executed="True" result="Success" success="True" time="0.002" asserts="1">
                <categories />
              </test-case>
              <test-case name="GetDeclaringBundleURL" executed="True" result="Success" success="True" time="0" asserts="1">
                <categories />
              </test-case>
              <test-case name="GetPreferredTag" executed="True" result="Success" success="True" time="0.001" asserts="1">
                <categories />
              </test-case>
              <test-case name="NSStringConstants" executed="True" result="Success" success="True" time="0.007" asserts="79">
                <categories />
              </test-case>
            </results>
          </test-suite>
          <test-suite type="TestFixture" name="MonoRuntimeTests" executed="True" result="Success" success="True" time="0.005" asserts="2">
            <categories />
            <results>
              <test-case name="Bug18632" executed="True" result="Success" success="True" time="0.004" asserts="1">
                <categories />
              </test-case>
              <test-case name="Bug26989" executed="True" result="Success" success="True" time="0" asserts="1">
                <categories />
              </test-case>
            </results>
          </test-suite>
          <test-suite type="TestFixture" name="BlockSignatureTest" executed="True" result="Success" success="True" time="0.003" asserts="2">
            <categories />
            <results>
              <test-case name="WithoutUserDelegateTypeAttribute" executed="True" result="Success" success="True" time="0.002" asserts="1">
                <categories />
              </test-case>
              <test-case name="WithUserDelegateTypeAttribute" executed="True" result="Success" success="True" time="0" asserts="1">
                <categories />
              </test-case>
            </results>
          </test-suite>
          <test-suite type="TestFixture" name="BlocksTest" executed="True" result="Success" success="True" time="0.002" asserts="3">
            <categories />
            <results>
              <test-case name="TestSetupBlock" executed="True" result="Success" success="True" time="0.001" asserts="3">
                <categories />
              </test-case>
            </results>
          </test-suite>
          <test-suite type="TestFixture" name="ClassTest" executed="True" result="Success" success="True" time="0.01" asserts="6">
            <categories />
            <results>
              <test-case name="Bug33981" executed="True" result="Success" success="True" time="0.008" asserts="2">
                <categories />
              </test-case>
              <test-case name="getClassTest" executed="True" result="Success" success="True" time="0" asserts="2">
                <categories />
              </test-case>
              <test-case name="LookupTest" executed="True" result="Success" success="True" time="0.001" asserts="2">
                <categories />
              </test-case>
            </results>
          </test-suite>
          <test-suite type="TestFixture" name="DlfcnTest" executed="True" result="Success" success="True" time="0" asserts="2">
            <categories />
            <results>
              <test-case name="OpenClose_libSystem" executed="True" result="Success" success="True" time="0" asserts="2">
                <categories />
              </test-case>
            </results>
          </test-suite>
          <test-suite type="TestFixture" name="ExceptionsTest" executed="True" result="Success" success="True" time="0.012" asserts="31">
            <categories />
            <results>
              <test-case name="ManagedExceptionPassthrough" executed="True" result="Success" success="True" time="0.011" asserts="25">
                <categories />
              </test-case>
              <test-case name="ObjCException" executed="True" result="Success" success="True" time="0.001" asserts="6">
                <categories />
              </test-case>
            </results>
          </test-suite>
          <test-suite type="TestFixture" name="RegistrarTest" executed="False" result="Ignored">
            <categories />
            <reason>
              <message><![CDATA[One or more child tests were ignored]]></message>
            </reason>
            <results>
              <test-case name="BlockReturnTest" executed="True" result="Success" success="True" time="0.003" asserts="3">
                <categories />
              </test-case>
              <test-case name="Bug23289" executed="True" result="Success" success="True" time="0.003" asserts="0">
                <categories />
              </test-case>
              <test-case name="Bug34224" executed="True" result="Success" success="True" time="0.001" asserts="3">
                <categories />
              </test-case>
              <test-case name="ConformsToProtocolTest" executed="True" result="Success" success="True" time="0" asserts="0">
                <categories />
              </test-case>
              <test-case name="ConformsToProtocolTest2" executed="True" result="Success" success="True" time="0.001" asserts="4">
                <categories />
              </test-case>
              <test-case name="ConstructorChaining" executed="True" result="Success" success="True" time="0.001" asserts="2">
                <categories />
              </test-case>
              <test-case name="ExportedGenericsTest" executed="True" result="Success" success="True" time="0.001" asserts="5">
                <categories />
              </test-case>
              <test-case name="FakeTypeTest" executed="True" result="Success" success="True" time="0" asserts="2">
                <categories />
              </test-case>
              <test-case name="GenericAPI" executed="True" result="Success" success="True" time="0.001" asserts="4">
                <categories />
              </test-case>
              <test-case name="GenericVirtualTest" executed="True" result="Success" success="True" time="0.001" asserts="2">
                <categories />
              </test-case>
              <test-case name="IdAsIntPtrTest" executed="True" result="Success" success="True" time="0" asserts="1">
                <categories />
              </test-case>
              <test-case name="IProtocolTest" executed="True" result="Success" success="True" time="0.001" asserts="3">
                <categories />
              </test-case>
              <test-case name="OutOverriddenWithoutOutAttribute" executed="True" result="Success" success="True" time="0.001" asserts="2">
                <categories />
              </test-case>
              <test-case name="PropertySetters" executed="True" result="Success" success="True" time="0.001" asserts="5">
                <categories />
              </test-case>
              <test-case name="ProtocolArgument" executed="True" result="Success" success="True" time="0.001" asserts="2">
                <categories />
              </test-case>
              <test-case name="SelectorReturnValue" executed="True" result="Success" success="True" time="0.001" asserts="2">
                <categories />
              </test-case>
              <test-case name="TestCGPointParameter" executed="True" result="Success" success="True" time="0.001" asserts="2">
                <categories />
              </test-case>
              <test-case name="TestConstrainedGenericType" executed="True" result="Success" success="True" time="0.004" asserts="14">
                <categories />
              </test-case>
              <test-case name="TestConstrainedGenericType2" executed="True" result="Success" success="True" time="0.002" asserts="0">
                <categories />
              </test-case>
              <test-case name="TestCtors" executed="True" result="Success" success="True" time="0.003" asserts="19">
                <categories />
              </test-case>
              <test-case name="TestGeneric" executed="True" result="Success" success="True" time="0.004" asserts="7">
                <categories />
              </test-case>
              <test-case name="TestINativeObject" executed="False" result="Ignored">
                <categories />
                <reason>
                  <message><![CDATA[This test only passes with the static registrars.]]></message>
                </reason>
              </test-case>
              <test-case name="TestInheritedStaticMethods" executed="True" result="Success" success="True" time="0" asserts="2">
                <categories />
              </test-case>
              <test-case name="TestInstanceMethodOnOpenGenericType" executed="True" result="Success" success="True" time="0.003" asserts="52">
                <categories />
              </test-case>
              <test-case name="TestNestedGenericType" executed="True" result="Success" success="True" time="0" asserts="0">
                <categories />
              </test-case>
              <test-case name="TestNonVirtualProperty" executed="True" result="Success" success="True" time="0" asserts="1">
                <categories />
              </test-case>
              <test-case name="TestNullOutParameters" executed="True" result="Success" success="True" time="0" asserts="0">
                <categories />
              </test-case>
              <test-case name="TestObjCProperties" executed="True" result="Success" success="True" time="0" asserts="1">
                <categories />
              </test-case>
              <test-case name="TestOutNSString" executed="True" result="Success" success="True" time="0" asserts="1">
                <categories />
              </test-case>
              <test-case name="TestProperties" executed="True" result="Success" success="True" time="0.026" asserts="20">
                <categories />
              </test-case>
              <test-case name="TestProtocolAndRegister" executed="True" result="Success" success="True" time="0" asserts="2">
                <categories />
              </test-case>
              <test-case name="TestProtocolRegistration" executed="True" result="Success" success="True" time="0.001" asserts="2">
                <categories />
              </test-case>
              <test-case name="TestRegisteredName" executed="True" result="Success" success="True" time="0" asserts="6">
                <categories />
              </test-case>
              <test-case name="TestRetainReturnValue" executed="True" result="Success" success="True" time="0.001" asserts="10">
                <categories />
              </test-case>
              <test-case name="TestStaticProperties" executed="True" result="Success" success="True" time="0.013" asserts="21">
                <categories />
              </test-case>
              <test-case name="TestStructAndOut" executed="True" result="Success" success="True" time="0.001" asserts="1">
                <categories />
              </test-case>
              <test-case name="TestThreadSafety" executed="True" result="Success" success="True" time="0.002" asserts="7">
                <categories />
              </test-case>
              <test-case name="TestTypeEncodings" executed="True" result="Success" success="True" time="0.002" asserts="19">
                <categories />
              </test-case>
              <test-case name="TestVirtual" executed="True" result="Success" success="True" time="0" asserts="2">
                <categories />
              </test-case>
            </results>
          </test-suite>
          <test-suite type="TestFixture" name="RegistrarTestGenerated" executed="True" result="Success" success="True" time="0.034" asserts="256">
            <categories />
            <results>
              <test-case name="Test_c" executed="True" result="Success" success="True" time="0.001" asserts="2">
                <categories />
              </test-case>
              <test-case name="Test_cc" executed="True" result="Success" success="True" time="0.001" asserts="4">
                <categories />
              </test-case>
              <test-case name="Test_ccc" executed="True" result="Success" success="True" time="0.001" asserts="6">
                <categories />
              </test-case>
              <test-case name="Test_cccc" executed="True" result="Success" success="True" time="0.001" asserts="8">
                <categories />
              </test-case>
              <test-case name="Test_d" executed="True" result="Success" success="True" time="0.001" asserts="2">
                <categories />
              </test-case>
              <test-case name="Test_dd" executed="True" result="Success" success="True" time="0.001" asserts="4">
                <categories />
              </test-case>
              <test-case name="Test_ddd" executed="True" result="Success" success="True" time="0.001" asserts="6">
                <categories />
              </test-case>
              <test-case name="Test_dddd" executed="True" result="Success" success="True" time="0.001" asserts="8">
                <categories />
              </test-case>
              <test-case name="Test_ddddd" executed="True" result="Success" success="True" time="0.001" asserts="10">
                <categories />
              </test-case>
              <test-case name="Test_ddi" executed="True" result="Success" success="True" time="0.001" asserts="6">
                <categories />
              </test-case>
              <test-case name="Test_di" executed="True" result="Success" success="True" time="0.001" asserts="4">
                <categories />
              </test-case>
              <test-case name="Test_didi" executed="True" result="Success" success="True" time="0.001" asserts="8">
                <categories />
              </test-case>
              <test-case name="Test_dldl" executed="True" result="Success" success="True" time="0.001" asserts="8">
                <categories />
              </test-case>
              <test-case name="Test_f" executed="True" result="Success" success="True" time="0.001" asserts="2">
                <categories />
              </test-case>
              <test-case name="Test_ff" executed="True" result="Success" success="True" time="0.001" asserts="4">
                <categories />
              </test-case>
              <test-case name="Test_fff" executed="True" result="Success" success="True" time="0.001" asserts="6">
                <categories />
              </test-case>
              <test-case name="Test_ffff" executed="True" result="Success" success="True" time="0.001" asserts="8">
                <categories />
              </test-case>
              <test-case name="Test_fffff" executed="True" result="Success" success="True" time="0.001" asserts="10">
                <categories />
              </test-case>
              <test-case name="Test_fi" executed="True" result="Success" success="True" time="0.001" asserts="4">
                <categories />
              </test-case>
              <test-case name="Test_fifi" executed="True" result="Success" success="True" time="0.001" asserts="8">
                <categories />
              </test-case>
              <test-case name="Test_i" executed="True" result="Success" success="True" time="0.001" asserts="2">
                <categories />
              </test-case>
              <test-case name="Test_id" executed="True" result="Success" success="True" time="0.001" asserts="4">
                <categories />
              </test-case>
              <test-case name="Test_idi" executed="True" result="Success" success="True" time="0.001" asserts="6">
                <categories />
              </test-case>
              <test-case name="Test_idid" executed="True" result="Success" success="True" time="0.001" asserts="8">
                <categories />
              </test-case>
              <test-case name="Test_if" executed="True" result="Success" success="True" time="0.001" asserts="4">
                <categories />
              </test-case>
              <test-case name="Test_iff" executed="True" result="Success" success="True" time="0.001" asserts="6">
                <categories />
              </test-case>
              <test-case name="Test_ifif" executed="True" result="Success" success="True" time="0.001" asserts="8">
                <categories />
              </test-case>
              <test-case name="Test_ii" executed="True" result="Success" success="True" time="0.001" asserts="4">
                <categories />
              </test-case>
              <test-case name="Test_iid" executed="True" result="Success" success="True" time="0.001" asserts="6">
                <categories />
              </test-case>
              <test-case name="Test_iiff" executed="True" result="Success" success="True" time="0.001" asserts="8">
                <categories />
              </test-case>
              <test-case name="Test_iii" executed="True" result="Success" success="True" time="0.001" asserts="6">
                <categories />
              </test-case>
              <test-case name="Test_iiii" executed="True" result="Success" success="True" time="0.001" asserts="8">
                <categories />
              </test-case>
              <test-case name="Test_iiiii" executed="True" result="Success" success="True" time="0.001" asserts="10">
                <categories />
              </test-case>
              <test-case name="Test_l" executed="True" result="Success" success="True" time="0.001" asserts="2">
                <categories />
              </test-case>
              <test-case name="Test_ldld" executed="True" result="Success" success="True" time="0.001" asserts="8">
                <categories />
              </test-case>
              <test-case name="Test_ll" executed="True" result="Success" success="True" time="0.001" asserts="4">
                <categories />
              </test-case>
              <test-case name="Test_lll" executed="True" result="Success" success="True" time="0.001" asserts="6">
                <categories />
              </test-case>
              <test-case name="Test_llll" executed="True" result="Success" success="True" time="0.001" asserts="8">
                <categories />
              </test-case>
              <test-case name="Test_lllll" executed="True" result="Success" success="True" time="0.001" asserts="10">
                <categories />
              </test-case>
              <test-case name="Test_s" executed="True" result="Success" success="True" time="0.001" asserts="2">
                <categories />
              </test-case>
              <test-case name="Test_ss" executed="True" result="Success" success="True" time="0.001" asserts="4">
                <categories />
              </test-case>
              <test-case name="Test_sss" executed="True" result="Success" success="True" time="0.001" asserts="6">
                <categories />
              </test-case>
              <test-case name="Test_ssss" executed="True" result="Success" success="True" time="0.001" asserts="8">
                <categories />
              </test-case>
            </results>
          </test-suite>
          <test-suite type="TestFixture" name="RuntimeTest" executed="True" result="Success" success="True" time="11.18" asserts="21">
            <categories />
            <results>
              <test-case name="ConnectMethod" executed="True" result="Success" success="True" time="0.001" asserts="7">
                <categories />
              </test-case>
              <test-case name="ConnectMethod1" executed="True" result="Success" success="True" time="0.001" asserts="0">
                <categories />
              </test-case>
              <test-case name="ConnectMethod2" executed="True" result="Success" success="True" time="0" asserts="1">
                <categories />
              </test-case>
              <test-case name="ConnectMethod3" executed="True" result="Success" success="True" time="0" asserts="1">
                <categories />
              </test-case>
              <test-case name="ConnectMethodTest" executed="True" result="Success" success="True" time="0" asserts="0">
                <categories />
              </test-case>
              <test-case name="FinalizationRaceCondition" executed="True" result="Success" success="True" time="10.011" asserts="1">
                <categories />
              </test-case>
              <test-case name="GetINativeObjectTest" executed="True" result="Success" success="True" time="0.001" asserts="4">
                <categories />
              </test-case>
              <test-case name="GetNSObject_IntPtrZero" executed="True" result="Success" success="True" time="0" asserts="1">
                <categories />
              </test-case>
              <test-case name="GetNSObject_Posing_Class" executed="True" result="Success" success="True" time="0.001" asserts="0">
                <categories />
              </test-case>
              <test-case name="GetNSObject_Subclass" executed="True" result="Success" success="True" time="0" asserts="1">
                <categories />
              </test-case>
              <test-case name="NSAutoreleasePoolInThreadPool" executed="True" result="Success" success="True" time="0.002" asserts="2">
                <categories />
              </test-case>
              <test-case name="RegisterAssembly_null" executed="True" result="Success" success="True" time="0" asserts="0">
                <categories />
              </test-case>
              <test-suite type="ParameterizedMethod" name="ResurrectedObjectsDisposedTest" executed="True" result="Success" success="True" time="1.043" asserts="2">
                <categories />
                <results>
                  <test-case name="ResurrectedObjectsDisposedTest(Foundation.NSObject)" executed="True" result="Success" success="True" time="0.521" asserts="1">
                    <categories />
                  </test-case>
                  <test-case name="ResurrectedObjectsDisposedTest(MonoTouchFixtures.ObjCRuntime.RuntimeTest+ResurrectedObjectsDisposedTestClass)" executed="True" result="Success" success="True" time="0.522" asserts="1">
                    <categories />
                  </test-case>
                </results>
              </test-suite>
              <test-case name="UsableUntilDead" executed="True" result="Success" success="True" time="0.118" asserts="1">
                <categories />
              </test-case>
            </results>
          </test-suite>
          <test-suite type="TestFixture" name="TrampolineTest" executed="True" result="Success" success="True" time="0.015" asserts="55">
            <categories />
            <results>
              <test-case name="ArrayTest" executed="True" result="Success" success="True" time="0.001" asserts="6">
                <categories />
              </test-case>
              <test-case name="DoubleReturnTest" executed="True" result="Success" success="True" time="0.001" asserts="4">
                <categories />
              </test-case>
              <test-case name="FloatingPointStretTrampolineTest" executed="True" result="Success" success="True" time="0.008" asserts="22">
                <categories />
              </test-case>
              <test-case name="FloatReturnTest" executed="True" result="Success" success="True" time="0.001" asserts="4">
                <categories />
              </test-case>
              <test-case name="IntPtrTest" executed="True" result="Success" success="True" time="0" asserts="2">
                <categories />
              </test-case>
              <test-case name="LoooongTest" executed="True" result="Success" success="True" time="0.001" asserts="5">
                <categories />
              </test-case>
              <test-case name="OutParamTest" executed="True" result="Success" success="True" time="0.001" asserts="3">
                <categories />
              </test-case>
              <test-case name="OutValueTypeTest" executed="True" result="Success" success="True" time="0" asserts="3">
                <categories />
              </test-case>
              <test-case name="X64ArgumentOverflow" executed="True" result="Success" success="True" time="0.001" asserts="6">
                <categories />
              </test-case>
            </results>
          </test-suite>
          <test-suite type="TestFixture" name="TrampolineTestGenerated" executed="True" result="Success" success="True" time="0.08" asserts="272">
            <categories />
            <results>
              <test-case name="Test_dd" executed="True" result="Success" success="True" time="0.003" asserts="8">
                <categories />
              </test-case>
              <test-case name="Test_ddd" executed="True" result="Success" success="True" time="0.002" asserts="8">
                <categories />
              </test-case>
              <test-case name="Test_dddd" executed="True" result="Success" success="True" time="0.002" asserts="8">
                <categories />
              </test-case>
              <test-case name="Test_ddddd" executed="True" result="Success" success="True" time="0.002" asserts="8">
                <categories />
              </test-case>
              <test-case name="Test_ddi" executed="True" result="Success" success="True" time="0.002" asserts="8">
                <categories />
              </test-case>
              <test-case name="Test_di" executed="True" result="Success" success="True" time="0.002" asserts="8">
                <categories />
              </test-case>
              <test-case name="Test_didi" executed="True" result="Success" success="True" time="0.002" asserts="8">
                <categories />
              </test-case>
              <test-case name="Test_dldl" executed="True" result="Success" success="True" time="0.003" asserts="8">
                <categories />
              </test-case>
              <test-case name="Test_ff" executed="True" result="Success" success="True" time="0.002" asserts="8">
                <categories />
              </test-case>
              <test-case name="Test_fff" executed="True" result="Success" success="True" time="0.002" asserts="8">
                <categories />
              </test-case>
              <test-case name="Test_ffff" executed="True" result="Success" success="True" time="0.002" asserts="8">
                <categories />
              </test-case>
              <test-case name="Test_fffff" executed="True" result="Success" success="True" time="0.003" asserts="8">
                <categories />
              </test-case>
              <test-case name="Test_fi" executed="True" result="Success" success="True" time="0.002" asserts="8">
                <categories />
              </test-case>
              <test-case name="Test_fifi" executed="True" result="Success" success="True" time="0.002" asserts="8">
                <categories />
              </test-case>
              <test-case name="Test_id" executed="True" result="Success" success="True" time="0.002" asserts="8">
                <categories />
              </test-case>
              <test-case name="Test_idi" executed="True" result="Success" success="True" time="0.003" asserts="8">
                <categories />
              </test-case>
              <test-case name="Test_idid" executed="True" result="Success" success="True" time="0.002" asserts="8">
                <categories />
              </test-case>
              <test-case name="Test_if" executed="True" result="Success" success="True" time="0.002" asserts="8">
                <categories />
              </test-case>
              <test-case name="Test_iff" executed="True" result="Success" success="True" time="0.002" asserts="8">
                <categories />
              </test-case>
              <test-case name="Test_ifif" executed="True" result="Success" success="True" time="0.002" asserts="8">
                <categories />
              </test-case>
              <test-case name="Test_ii" executed="True" result="Success" success="True" time="0.002" asserts="8">
                <categories />
              </test-case>
              <test-case name="Test_iid" executed="True" result="Success" success="True" time="0.002" asserts="8">
                <categories />
              </test-case>
              <test-case name="Test_iiff" executed="True" result="Success" success="True" time="0.002" asserts="8">
                <categories />
              </test-case>
              <test-case name="Test_iii" executed="True" result="Success" success="True" time="0.002" asserts="8">
                <categories />
              </test-case>
              <test-case name="Test_iiii" executed="True" result="Success" success="True" time="0.002" asserts="8">
                <categories />
              </test-case>
              <test-case name="Test_iiiii" executed="True" result="Success" success="True" time="0.002" asserts="8">
                <categories />
              </test-case>
              <test-case name="Test_ldld" executed="True" result="Success" success="True" time="0.002" asserts="8">
                <categories />
              </test-case>
              <test-case name="Test_ll" executed="True" result="Success" success="True" time="0.002" asserts="8">
                <categories />
              </test-case>
              <test-case name="Test_lll" executed="True" result="Success" success="True" time="0.002" asserts="8">
                <categories />
              </test-case>
              <test-case name="Test_llll" executed="True" result="Success" success="True" time="0.002" asserts="8">
                <categories />
              </test-case>
              <test-case name="Test_lllll" executed="True" result="Success" success="True" time="0.002" asserts="8">
                <categories />
              </test-case>
              <test-case name="Test_ss" executed="True" result="Success" success="True" time="0.002" asserts="8">
                <categories />
              </test-case>
              <test-case name="Test_sss" executed="True" result="Success" success="True" time="0.002" asserts="8">
                <categories />
              </test-case>
              <test-case name="Test_ssss" executed="True" result="Success" success="True" time="0.002" asserts="8">
                <categories />
              </test-case>
            </results>
          </test-suite>
          <test-suite type="TestFixture" name="ObjectTest" executed="True" result="Success" success="True" time="0.002" asserts="1">
            <categories />
            <results>
              <test-case name="Constructor" executed="True" result="Success" success="True" time="0.002" asserts="1">
                <categories />
              </test-case>
            </results>
          </test-suite>
          <test-suite type="TestFixture" name="PassLibraryTest" executed="True" result="Success" success="True" time="0.002" asserts="6">
            <categories />
            <results>
              <test-case name="Fields" executed="True" result="Success" success="True" time="0.002" asserts="6">
                <categories />
              </test-case>
            </results>
          </test-suite>
          <test-suite type="TestFixture" name="PassTest" executed="True" result="Success" success="True" time="0.037" asserts="20">
            <categories />
            <results>
              <test-case name="BoardingPass" executed="True" result="Success" success="True" time="0.036" asserts="10">
                <categories />
              </test-case>
              <test-case name="Defaults" executed="True" result="Success" success="True" time="0" asserts="9">
                <categories />
              </test-case>
              <test-case name="Fields" executed="True" result="Success" success="True" time="0" asserts="1">
                <categories />
              </test-case>
            </results>
          </test-suite>
          <test-suite type="TestFixture" name="CertificateTest" executed="False" result="Ignored">
            <categories />
            <reason>
              <message><![CDATA[One or more child tests were ignored]]></message>
            </reason>
            <results>
              <test-case name="MailNSData" executed="True" result="Success" success="True" time="0.003" asserts="10">
                <categories />
              </test-case>
              <test-case name="MailRaw" executed="True" result="Success" success="True" time="0" asserts="10">
                <categories />
              </test-case>
              <test-case name="MailX1" executed="True" result="Success" success="True" time="0.002" asserts="14">
                <categories />
              </test-case>
              <test-case name="MailX2" executed="False" result="Ignored">
                <categories />
                <properties>
                  <property name="_SKIPREASON" value="https://bugzilla.xamarin.com/show_bug.cgi?id=39952" />
                </properties>
                <reason>
                  <message><![CDATA[https://bugzilla.xamarin.com/show_bug.cgi?id=39952]]></message>
                </reason>
              </test-case>
            </results>
          </test-suite>
          <test-suite type="TestFixture" name="IdentityTest" executed="True" result="Success" success="True" time="0.008" asserts="2">
            <categories />
            <results>
              <test-case name="Identity" executed="True" result="Success" success="True" time="0.008" asserts="2">
                <categories />
              </test-case>
            </results>
          </test-suite>
          <test-suite type="TestFixture" name="ImportExportTest" executed="True" result="Success" success="True" time="0.005" asserts="7">
            <categories />
            <results>
              <test-case name="P12_AuthFailed" executed="True" result="Success" success="True" time="0" asserts="1">
                <categories />
              </test-case>
              <test-case name="P12_Success" executed="True" result="Success" success="True" time="0.005" asserts="6">
                <categories />
              </test-case>
            </results>
          </test-suite>
          <test-suite type="TestFixture" name="KeyChainTest" executed="True" result="Success" success="True" time="0.027" asserts="4">
            <categories />
            <results>
              <test-case name="Add_Certificate" executed="True" result="Success" success="True" time="0.004" asserts="1">
                <categories />
              </test-case>
              <test-case name="AddQueryRemove_Identity" executed="True" result="Inconclusive" success="False" time="0.008" asserts="1">
                <categories />
              </test-case>
              <test-case name="CheckId" executed="True" result="Success" success="True" time="0.008" asserts="1">
                <categories />
              </test-case>
              <test-case name="SecItemAdd_Identity" executed="True" result="Success" success="True" time="0.007" asserts="1">
                <categories />
              </test-case>
            </results>
          </test-suite>
          <test-suite type="TestFixture" name="KeyTest" executed="False" result="Ignored">
            <categories />
            <reason>
              <message><![CDATA[One or more child tests were ignored]]></message>
            </reason>
            <results>
              <test-case name="BenchmarkManaged4096" executed="False" result="Ignored">
                <categories />
                <properties>
                  <property name="_SKIPREASON" value="Just to compare performance with BenchmarkNative4096" />
                </properties>
                <reason>
                  <message><![CDATA[Just to compare performance with BenchmarkNative4096]]></message>
                </reason>
              </test-case>
              <test-case name="BenchmarkNative4096" executed="False" result="Ignored">
                <categories />
                <properties>
                  <property name="_SKIPREASON" value="Just to compare performance with BenchmarkManaged4096" />
                </properties>
                <reason>
                  <message><![CDATA[Just to compare performance with BenchmarkManaged4096]]></message>
                </reason>
              </test-case>
              <test-case name="EC" executed="True" result="Success" success="True" time="0.039" asserts="12">
                <categories />
              </test-case>
              <test-case name="ECSecPrimeRandom" executed="True" result="Success" success="True" time="0.015" asserts="3">
                <categories />
              </test-case>
              <test-case name="Encrypt_Empty" executed="True" result="Success" success="True" time="0.06" asserts="2">
                <categories />
              </test-case>
              <test-case name="Encrypt_New" executed="True" result="Success" success="True" time="0.002" asserts="2">
                <categories />
              </test-case>
              <test-case name="Encrypt_Old" executed="True" result="Success" success="True" time="0.002" asserts="1">
                <categories />
              </test-case>
              <test-case name="EncryptTooLarge" executed="True" result="Success" success="True" time="0.037" asserts="2">
                <categories />
              </test-case>
              <test-case name="GenerateKeyPairTooLargeRSA" executed="True" result="Success" success="True" time="0.001" asserts="1">
                <categories />
              </test-case>
              <test-case name="RoundtripRSA1024OAEP" executed="True" result="Success" success="True" time="0.081" asserts="8">
                <categories />
              </test-case>
              <test-case name="RoundtripRSAMinPKCS1" executed="True" result="Success" success="True" time="0.048" asserts="18">
                <categories />
              </test-case>
              <test-case name="RSA" executed="True" result="Success" success="True" time="0.034" asserts="12">
                <categories />
              </test-case>
              <test-case name="SignVerifyECSHA1" executed="True" result="Success" success="True" time="0.009" asserts="4">
                <categories />
              </test-case>
              <test-case name="SignVerifyRSAMinPKCS1SHA1" executed="True" result="Success" success="True" time="0.044" asserts="4">
                <categories />
              </test-case>
            </results>
          </test-suite>
          <test-suite type="TestFixture" name="RecordTest" executed="True" result="Success" success="True" time="0.164" asserts="163">
            <categories />
            <results>
              <test-case name="Accessible_17579" executed="True" result="Success" success="True" time="0.018" asserts="18">
                <categories />
              </test-case>
              <test-case name="AuthenticationType_17579" executed="True" result="Success" success="True" time="0.024" asserts="24">
                <categories />
              </test-case>
              <test-case name="DeskCase_83099_InmutableDictionary" executed="True" result="Success" success="True" time="0.01" asserts="6">
                <categories />
              </test-case>
              <test-case name="Identity" executed="True" result="Success" success="True" time="0" asserts="1">
                <categories />
              </test-case>
              <test-case name="IdentityRecordTest" executed="True" result="Success" success="True" time="0.006" asserts="5">
                <categories />
              </test-case>
              <test-case name="KeyRecordTest" executed="True" result="Success" success="True" time="0.015" asserts="5">
                <categories />
              </test-case>
              <test-case name="Match" executed="True" result="Success" success="True" time="0.002" asserts="5">
                <categories />
              </test-case>
              <test-case name="Protocol_17579" executed="True" result="Success" success="True" time="0.088" asserts="93">
                <categories />
              </test-case>
              <test-case name="SecRecordRecordTest" executed="True" result="Success" success="True" time="0.001" asserts="6">
                <categories />
              </test-case>
            </results>
          </test-suite>
          <test-suite type="TestFixture" name="SecPolicyTest" executed="True" result="Success" success="True" time="0.007" asserts="47">
            <categories />
            <results>
              <test-case name="BasicX509Policy" executed="True" result="Success" success="True" time="0.002" asserts="6">
                <categories />
              </test-case>
              <test-case name="CreateUnknownPolicy" executed="True" result="Success" success="True" time="0.001" asserts="1">
                <categories />
              </test-case>
              <test-case name="CreateWellKnownPolicies" executed="True" result="Success" success="True" time="0.002" asserts="14">
                <categories />
              </test-case>
              <test-case name="RevocationPolicy" executed="True" result="Success" success="True" time="0.001" asserts="6">
                <categories />
              </test-case>
              <test-case name="SslClient" executed="True" result="Success" success="True" time="0.001" asserts="7">
                <categories />
              </test-case>
              <test-case name="SslServer" executed="True" result="Success" success="True" time="0.001" asserts="7">
                <categories />
              </test-case>
              <test-case name="SslServerNoHost" executed="True" result="Success" success="True" time="0" asserts="6">
                <categories />
              </test-case>
            </results>
          </test-suite>
          <test-suite type="TestFixture" name="SecureTransportTest" executed="True" result="Success" success="True" time="0.011" asserts="116">
            <categories />
            <results>
              <test-case name="DatagramDefaults" executed="True" result="Success" success="True" time="0.006" asserts="17">
                <categories />
              </test-case>
              <test-case name="SslSupportedCiphers" executed="True" result="Success" success="True" time="0.003" asserts="78">
                <categories />
              </test-case>
              <test-case name="StreamDefaults" executed="True" result="Success" success="True" time="0.002" asserts="21">
                <categories />
              </test-case>
            </results>
          </test-suite>
          <test-suite type="TestFixture" name="TrustTest" executed="True" result="Success" success="True" time="28.062" asserts="52">
            <categories />
            <results>
              <test-case name="Basic_Leaf_Only" executed="True" result="Success" success="True" time="0.016" asserts="2">
                <categories />
              </test-case>
              <test-case name="Client_Leaf_Only" executed="True" result="Success" success="True" time="0.002" asserts="4">
                <categories />
              </test-case>
              <test-case name="HostName_Leaf_Only" executed="True" result="Success" success="True" time="0.003" asserts="5">
                <categories />
              </test-case>
              <test-case name="NoHostName" executed="True" result="Success" success="True" time="0.002" asserts="2">
                <categories />
              </test-case>
              <test-case name="Trust_FullChain" executed="True" result="Success" success="True" time="0.006" asserts="11">
                <categories />
              </test-case>
              <test-case name="Trust_Leaf_Only" executed="True" result="Success" success="True" time="0.003" asserts="7">
                <categories />
              </test-case>
              <test-case name="Trust_NoRoot" executed="True" result="Success" success="True" time="0.002" asserts="3">
                <categories />
              </test-case>
              <test-case name="Trust2_FullChain" executed="True" result="Success" success="True" time="0.004" asserts="8">
                <categories />
              </test-case>
              <test-case name="Trust2_Leaf_Only" executed="True" result="Success" success="True" time="28.019" asserts="7">
                <categories />
              </test-case>
              <test-case name="Trust2_NoRoot" executed="True" result="Success" success="True" time="0.003" asserts="3">
                <categories />
              </test-case>
            </results>
          </test-suite>
          <test-suite type="TestFixture" name="Symbols" executed="False" result="Ignored">
            <categories />
            <reason>
              <message><![CDATA[One or more child tests were ignored]]></message>
            </reason>
            <results>
              <test-case name="FunctionNames" executed="False" result="Ignored">
                <categories />
                <reason>
                  <message><![CDATA[This is a device-only test.]]></message>
                </reason>
              </test-case>
            </results>
          </test-suite>
          <test-suite type="TestFixture" name="NativeTypes" executed="True" result="Success" success="True" time="0.004" asserts="56">
            <categories />
            <results>
              <test-case name="CompareTo" executed="True" result="Success" success="True" time="0.002" asserts="21">
                <categories />
              </test-case>
              <test-case name="Equals" executed="True" result="Success" success="True" time="0.001" asserts="9">
                <categories />
              </test-case>
              <test-case name="IsInfinity" executed="True" result="Success" success="True" time="0" asserts="4">
                <categories />
              </test-case>
              <test-case name="IsNan" executed="True" result="Success" success="True" time="0" asserts="4">
                <categories />
              </test-case>
              <test-case name="IsNegativeInfinity" executed="True" result="Success" success="True" time="0" asserts="3">
                <categories />
              </test-case>
              <test-case name="IsPositiveInfinity" executed="True" result="Success" success="True" time="0" asserts="3">
                <categories />
              </test-case>
              <test-case name="NaN_Cast" executed="True" result="Success" success="True" time="0" asserts="4">
                <categories />
              </test-case>
              <test-case name="NegativeInfinity_Cast" executed="True" result="Success" success="True" time="0" asserts="4">
                <categories />
              </test-case>
              <test-case name="PositiveInfinity_Cast" executed="True" result="Success" success="True" time="0" asserts="4">
                <categories />
              </test-case>
            </results>
          </test-suite>
          <test-suite type="TestFixture" name="ColorTest" executed="True" result="Success" success="True" time="0.013" asserts="96">
            <categories />
            <results>
              <test-case name="HSB" executed="True" result="Success" success="True" time="0.006" asserts="14">
                <categories />
              </test-case>
              <test-case name="HSBA" executed="True" result="Success" success="True" time="0.001" asserts="15">
                <categories />
              </test-case>
              <test-case name="HSBA_No_Saturation" executed="True" result="Success" success="True" time="0" asserts="4">
                <categories />
              </test-case>
              <test-case name="Pattern_7362" executed="True" result="Success" success="True" time="0.002" asserts="1">
                <categories />
              </test-case>
              <test-case name="RGB" executed="True" result="Success" success="True" time="0.001" asserts="14">
                <categories />
              </test-case>
              <test-case name="RGBA" executed="True" result="Success" success="True" time="0.001" asserts="15">
                <categories />
              </test-case>
              <test-case name="RGBAConstructor" executed="True" result="Success" success="True" time="0.001" asserts="14">
                <categories />
              </test-case>
              <test-case name="ToString_" executed="True" result="Success" success="True" time="0" asserts="15">
                <categories />
              </test-case>
              <test-suite type="ParameterizedMethod" name="WAConstructor" executed="True" result="Success" success="True" time="0.001" asserts="4">
                <categories />
                <results>
                  <test-case name="WAConstructor(0.2d,0.4d)" executed="True" result="Success" success="True" time="0.001" asserts="1">
                    <categories />
                  </test-case>
                  <test-case name="WAConstructor(0.3d,0.5d)" executed="True" result="Success" success="True" time="0" asserts="1">
                    <categories />
                  </test-case>
                  <test-case name="WAConstructor(0.4d,0.6d)" executed="True" result="Success" success="True" time="0" asserts="1">
                    <categories />
                  </test-case>
                  <test-case name="WAConstructor(0.5d,0.7d)" executed="True" result="Success" success="True" time="0" asserts="1">
                    <categories />
                  </test-case>
                </results>
              </test-suite>
            </results>
          </test-suite>
          <test-suite type="TestFixture" name="DeviceTest" executed="True" result="Success" success="True" time="0" asserts="0">
            <categories />
            <results />
          </test-suite>
          <test-suite type="TestFixture" name="EdgeInsetsTest" executed="True" result="Success" success="True" time="0.002" asserts="13">
            <categories />
            <results>
              <test-case name="FromString_Null" executed="True" result="Success" success="True" time="0" asserts="1">
                <categories />
              </test-case>
              <test-case name="InsetRect" executed="True" result="Success" success="True" time="0" asserts="6">
                <categories />
              </test-case>
              <test-case name="InsetRect_Zero" executed="True" result="Success" success="True" time="0" asserts="1">
                <categories />
              </test-case>
              <test-case name="Operators" executed="True" result="Success" success="True" time="0" asserts="4">
                <categories />
              </test-case>
              <test-case name="ToFromString_Zero" executed="True" result="Success" success="True" time="0" asserts="1">
                <categories />
              </test-case>
            </results>
          </test-suite>
          <test-suite type="TestFixture" name="FontTest" executed="True" result="Success" success="True" time="0.012" asserts="96">
            <categories />
            <results>
              <test-case name="Methods" executed="True" result="Success" success="True" time="0.005" asserts="48">
                <categories />
              </test-case>
              <test-case name="NullFonts" executed="True" result="Success" success="True" time="0.003" asserts="9">
                <categories />
              </test-case>
              <test-case name="Properties" executed="True" result="Success" success="True" time="0.002" asserts="36">
                <categories />
              </test-case>
              <test-case name="TestDescriptors" executed="True" result="Success" success="True" time="0.001" asserts="2">
                <categories />
              </test-case>
              <test-case name="WithSize" executed="True" result="Success" success="True" time="0" asserts="1">
                <categories />
              </test-case>
            </results>
          </test-suite>
          <test-suite type="TestFixture" name="ImageTest" executed="True" result="Success" success="True" time="0.111" asserts="2009">
            <categories />
            <results>
              <test-case name="CGImageBackend" executed="True" result="Success" success="True" time="0.002" asserts="5">
                <categories />
              </test-case>
              <test-case name="CreateAnimatedImage" executed="True" result="Success" success="True" time="0.006" asserts="3">
                <categories />
              </test-case>
              <test-case name="FromImage_Null" executed="True" result="Success" success="True" time="0" asserts="1">
                <categories />
              </test-case>
              <test-case name="TestAutorelease" executed="True" result="Success" success="True" time="0.102" asserts="2000">
                <categories />
              </test-case>
            </results>
          </test-suite>
          <test-suite type="TestFixture" name="LocalNotificationTest" executed="True" result="Success" success="True" time="0.008" asserts="29">
            <categories />
            <results>
              <test-case name="DefaultValues" executed="True" result="Success" success="True" time="0.006" asserts="11">
                <categories />
              </test-case>
              <test-case name="NullValues" executed="True" result="Success" success="True" time="0.002" asserts="18">
                <categories />
              </test-case>
            </results>
          </test-suite>
          <test-suite type="TestFixture" name="StringAttributesTest" executed="True" result="Success" success="True" time="0.006" asserts="132">
            <categories />
            <results>
              <test-case name="RetainCount" executed="True" result="Success" success="True" time="0.004" asserts="75">
                <categories />
              </test-case>
              <test-case name="RetainCount_7" executed="True" result="Success" success="True" time="0.002" asserts="57">
                <categories />
              </test-case>
            </results>
          </test-suite>
          <test-suite type="TestFixture" name="NSMutableDictionaryTest" executed="True" result="Success" success="True" time="0.002" asserts="8">
            <categories />
            <results>
              <test-case name="Bug39993" executed="True" result="Success" success="True" time="0" asserts="2">
                <categories />
              </test-case>
              <test-case name="IndexerTest" executed="True" result="Success" success="True" time="0.001" asserts="6">
                <categories />
              </test-case>
            </results>
          </test-suite>
          <test-suite type="TestFixture" name="NSStringTest" executed="True" result="Success" success="True" time="0.004" asserts="12">
            <categories />
            <results>
              <test-case name="LocalizedFormatTest" executed="True" result="Success" success="True" time="0.004" asserts="12">
                <categories />
              </test-case>
            </results>
          </test-suite>
          <test-suite type="TestFixture" name="RegistrarSharedTest" executed="True" result="Success" success="True" time="0.002" asserts="2">
            <categories />
            <results>
              <test-case name="IntPtrCtor" executed="True" result="Success" success="True" time="0.002" asserts="2">
                <categories />
              </test-case>
            </results>
          </test-suite>
        </results>
      </test-suite>
    </results>
  </test-suite>
</test-results>